[ERROR] 2021-06-19 10:32:14,989 | /home/ahmed/frappe-bench/apps/frappe/frappe/app.py:
Site: innovast
Form Dict: {
 "action": "Save",
 "cmd": "frappe.desk.form.save.savedocs",
 "doc": "{\"name\":\"Property\",\"creation\":\"2021-06-18 08:39:23.003608\",\"modified\":\"2021-06-18 11:40:33.341866\",\"modified_by\":\"Administrator\",\"owner\":\"Administrator\",\"docstatus\":0,\"idx\":0,\"issingle\":0,\"is_tree\":0,\"istable\":0,\"editable_grid\":1,\"track_changes\":1,\"module\":\"Test App\",\"autoname\":\"format:{######}\",\"name_case\":\"\",\"sort_field\":\"modified\",\"sort_order\":\"DESC\",\"read_only\":0,\"in_create\":0,\"allow_copy\":0,\"allow_rename\":0,\"allow_import\":0,\"hide_toolbar\":0,\"track_seen\":0,\"max_attachments\":0,\"document_type\":\"\",\"engine\":\"InnoDB\",\"is_submittable\":0,\"show_name_in_global_search\":0,\"custom\":0,\"beta\":0,\"has_web_view\":0,\"allow_guest_to_view\":0,\"quick_entry\":1,\"track_views\":0,\"allow_events_in_timeline\":0,\"allow_auto_repeat\":0,\"show_preview_popup\":0,\"doctype\":\"DocType\",\"fields\":[{\"name\":\"945d8b1255\",\"creation\":\"2021-06-18 08:39:23.003608\",\"modified\":\"2021-06-18 11:40:33.341866\",\"modified_by\":\"Administrator\",\"owner\":\"Administrator\",\"docstatus\":0,\"parent\":\"Property\",\"parentfield\":\"fields\",\"parenttype\":\"DocType\",\"idx\":1,\"fieldname\":\"property_name\",\"label\":\"Property Name\",\"fieldtype\":\"Data\",\"search_index\":0,\"hidden\":0,\"set_only_once\":0,\"allow_in_quick_entry\":0,\"print_hide\":0,\"report_hide\":0,\"reqd\":1,\"bold\":0,\"in_global_search\":0,\"collapsible\":0,\"unique\":0,\"no_copy\":0,\"allow_on_submit\":0,\"show_preview_popup\":0,\"permlevel\":0,\"ignore_user_permissions\":0,\"columns\":0,\"in_list_view\":1,\"fetch_if_empty\":0,\"in_filter\":0,\"remember_last_selected_value\":0,\"ignore_xss_filter\":0,\"print_hide_if_no_value\":0,\"allow_bulk_edit\":0,\"in_standard_filter\":0,\"in_preview\":0,\"read_only\":0,\"precision\":\"\",\"length\":0,\"translatable\":0,\"doctype\":\"DocField\"},{\"name\":\"5f4a27e75c\",\"creation\":\"2021-06-18 08:39:23.003608\",\"modified\":\"2021-06-18 11:40:33.341866\",\"modified_by\":\"Administrator\",\"owner\":\"Administrator\",\"docstatus\":0,\"parent\":\"Property\",\"parentfield\":\"fields\",\"parenttype\":\"DocType\",\"idx\":2,\"fieldname\":\"address\",\"label\":\"Address\",\"fieldtype\":\"Data\",\"search_index\":0,\"hidden\":0,\"set_only_once\":0,\"allow_in_quick_entry\":0,\"print_hide\":0,\"report_hide\":0,\"reqd\":1,\"bold\":0,\"in_global_search\":0,\"collapsible\":0,\"unique\":0,\"no_copy\":0,\"allow_on_submit\":0,\"show_preview_popup\":0,\"permlevel\":0,\"ignore_user_permissions\":0,\"columns\":0,\"in_list_view\":0,\"fetch_if_empty\":0,\"in_filter\":0,\"remember_last_selected_value\":0,\"ignore_xss_filter\":0,\"print_hide_if_no_value\":0,\"allow_bulk_edit\":0,\"in_standard_filter\":0,\"in_preview\":0,\"read_only\":0,\"precision\":\"\",\"length\":0,\"translatable\":0,\"doctype\":\"DocField\"},{\"docstatus\":0,\"doctype\":\"DocField\",\"name\":\"be6d38187e\",\"owner\":\"Administrator\",\"fieldtype\":\"Link\",\"reqd\":0,\"precision\":\"\",\"search_index\":0,\"in_list_view\":0,\"in_standard_filter\":0,\"in_global_search\":0,\"in_preview\":0,\"allow_in_quick_entry\":0,\"bold\":0,\"translatable\":0,\"collapsible\":0,\"fetch_if_empty\":0,\"hidden\":0,\"read_only\":0,\"unique\":0,\"set_only_once\":0,\"allow_bulk_edit\":0,\"permlevel\":0,\"ignore_user_permissions\":0,\"allow_on_submit\":0,\"report_hide\":0,\"remember_last_selected_value\":0,\"ignore_xss_filter\":0,\"in_filter\":0,\"no_copy\":0,\"print_hide\":0,\"print_hide_if_no_value\":0,\"parent\":\"Property\",\"parentfield\":\"fields\",\"parenttype\":\"DocType\",\"idx\":3,\"label\":\"Property Type\",\"options\":\"Property Type\",\"creation\":\"2021-06-18 08:39:23.003608\",\"modified\":\"2021-06-18 11:40:33.341866\",\"modified_by\":\"Administrator\",\"fieldname\":\"property_type\",\"columns\":0,\"length\":0},{\"name\":\"82d3047160\",\"creation\":\"2021-06-18 08:39:23.003608\",\"modified\":\"2021-06-18 11:40:33.341866\",\"modified_by\":\"Administrator\",\"owner\":\"Administrator\",\"docstatus\":0,\"parent\":\"Property\",\"parentfield\":\"fields\",\"parenttype\":\"DocType\",\"idx\":4,\"fieldname\":\"column_break_3\",\"fieldtype\":\"Column Break\",\"search_index\":0,\"hidden\":0,\"set_only_once\":0,\"allow_in_quick_entry\":0,\"print_hide\":0,\"report_hide\":0,\"reqd\":0,\"bold\":0,\"in_global_search\":0,\"collapsible\":0,\"unique\":0,\"no_copy\":0,\"allow_on_submit\":0,\"show_preview_popup\":0,\"permlevel\":0,\"ignore_user_permissions\":0,\"columns\":0,\"in_list_view\":0,\"fetch_if_empty\":0,\"in_filter\":0,\"remember_last_selected_value\":0,\"ignore_xss_filter\":0,\"print_hide_if_no_value\":0,\"allow_bulk_edit\":0,\"in_standard_filter\":0,\"in_preview\":0,\"read_only\":0,\"precision\":\"\",\"length\":0,\"translatable\":0,\"doctype\":\"DocField\"},{\"name\":\"c6a3ff67d6\",\"creation\":\"2021-06-18 08:39:23.003608\",\"modified\":\"2021-06-18 11:40:33.341866\",\"modified_by\":\"Administrator\",\"owner\":\"Administrator\",\"docstatus\":0,\"parent\":\"Property\",\"parentfield\":\"fields\",\"parenttype\":\"DocType\",\"idx\":5,\"fieldname\":\"image\",\"label\":\"Image\",\"fieldtype\":\"Attach Image\",\"search_index\":0,\"hidden\":0,\"set_only_once\":0,\"allow_in_quick_entry\":0,\"print_hide\":0,\"report_hide\":0,\"reqd\":0,\"bold\":0,\"in_global_search\":0,\"collapsible\":0,\"unique\":0,\"no_copy\":0,\"allow_on_submit\":0,\"show_preview_popup\":0,\"permlevel\":0,\"ignore_user_permissions\":0,\"columns\":0,\"in_list_view\":0,\"fetch_if_empty\":0,\"in_filter\":0,\"remember_last_selected_value\":0,\"ignore_xss_filter\":0,\"print_hide_if_no_value\":0,\"allow_bulk_edit\":0,\"in_standard_filter\":0,\"in_preview\":0,\"read_only\":0,\"precision\":\"\",\"length\":0,\"translatable\":0,\"doctype\":\"DocField\"},{\"name\":\"a33e322b6a\",\"creation\":\"2021-06-18 08:39:23.003608\",\"modified\":\"2021-06-18 11:40:33.341866\",\"modified_by\":\"Administrator\",\"owner\":\"Administrator\",\"docstatus\":0,\"parent\":\"Property\",\"parentfield\":\"fields\",\"parenttype\":\"DocType\",\"idx\":6,\"fieldname\":\"agent\",\"label\":\"Agent\",\"fieldtype\":\"Link\",\"options\":\"Agent\",\"search_index\":0,\"hidden\":0,\"set_only_once\":0,\"allow_in_quick_entry\":0,\"print_hide\":0,\"report_hide\":0,\"reqd\":0,\"bold\":0,\"in_global_search\":0,\"collapsible\":0,\"unique\":0,\"no_copy\":0,\"allow_on_submit\":0,\"show_preview_popup\":0,\"permlevel\":0,\"ignore_user_permissions\":0,\"columns\":0,\"in_list_view\":0,\"fetch_if_empty\":0,\"in_filter\":0,\"remember_last_selected_value\":0,\"ignore_xss_filter\":0,\"print_hide_if_no_value\":0,\"allow_bulk_edit\":0,\"in_standard_filter\":0,\"in_preview\":0,\"read_only\":0,\"precision\":\"\",\"length\":0,\"translatable\":0,\"doctype\":\"DocField\"},{\"docstatus\":0,\"doctype\":\"DocField\",\"name\":\"2a0909b907\",\"owner\":\"Administrator\",\"fieldtype\":\"Select\",\"reqd\":1,\"precision\":\"\",\"search_index\":0,\"in_list_view\":0,\"in_standard_filter\":0,\"in_global_search\":0,\"in_preview\":0,\"allow_in_quick_entry\":0,\"bold\":0,\"translatable\":0,\"collapsible\":0,\"fetch_if_empty\":0,\"hidden\":0,\"read_only\":0,\"unique\":0,\"set_only_once\":0,\"allow_bulk_edit\":0,\"permlevel\":0,\"ignore_user_permissions\":0,\"allow_on_submit\":0,\"report_hide\":0,\"remember_last_selected_value\":0,\"ignore_xss_filter\":0,\"in_filter\":0,\"no_copy\":0,\"print_hide\":0,\"print_hide_if_no_value\":0,\"parent\":\"Property\",\"parentfield\":\"fields\",\"parenttype\":\"DocType\",\"idx\":7,\"label\":\"Status\",\"options\":\"\\nSale\\nRent\\nLease\",\"creation\":\"2021-06-18 08:39:23.003608\",\"modified\":\"2021-06-18 11:40:33.341866\",\"modified_by\":\"Administrator\",\"fieldname\":\"status\",\"columns\":0,\"length\":0},{\"name\":\"6fd3f3db8b\",\"creation\":\"2021-06-18 08:39:23.003608\",\"modified\":\"2021-06-18 11:40:33.341866\",\"modified_by\":\"Administrator\",\"owner\":\"Administrator\",\"docstatus\":0,\"parent\":\"Property\",\"parentfield\":\"fields\",\"parenttype\":\"DocType\",\"idx\":8,\"fieldname\":\"section_break_6\",\"fieldtype\":\"Section Break\",\"search_index\":0,\"hidden\":0,\"set_only_once\":0,\"allow_in_quick_entry\":0,\"print_hide\":0,\"report_hide\":0,\"reqd\":0,\"bold\":0,\"in_global_search\":0,\"collapsible\":0,\"unique\":0,\"no_copy\":0,\"allow_on_submit\":0,\"show_preview_popup\":0,\"permlevel\":0,\"ignore_user_permissions\":0,\"columns\":0,\"in_list_view\":0,\"fetch_if_empty\":0,\"in_filter\":0,\"remember_last_selected_value\":0,\"ignore_xss_filter\":0,\"print_hide_if_no_value\":0,\"allow_bulk_edit\":0,\"in_standard_filter\":0,\"in_preview\":0,\"read_only\":0,\"precision\":\"\",\"length\":0,\"translatable\":0,\"doctype\":\"DocField\"},{\"name\":\"1562f321e7\",\"creation\":\"2021-06-18 08:39:23.003608\",\"modified\":\"2021-06-18 11:40:33.341866\",\"modified_by\":\"Administrator\",\"owner\":\"Administrator\",\"docstatus\":0,\"parent\":\"Property\",\"parentfield\":\"fields\",\"parenttype\":\"DocType\",\"idx\":9,\"fieldname\":\"description\",\"label\":\"Description\",\"fieldtype\":\"Text Editor\",\"search_index\":0,\"hidden\":0,\"set_only_once\":0,\"allow_in_quick_entry\":0,\"print_hide\":0,\"report_hide\":0,\"reqd\":0,\"bold\":0,\"in_global_search\":0,\"collapsible\":0,\"unique\":0,\"no_copy\":0,\"allow_on_submit\":0,\"show_preview_popup\":0,\"permlevel\":0,\"ignore_user_permissions\":0,\"columns\":0,\"in_list_view\":0,\"fetch_if_empty\":0,\"in_filter\":0,\"remember_last_selected_value\":0,\"ignore_xss_filter\":0,\"print_hide_if_no_value\":0,\"allow_bulk_edit\":0,\"in_standard_filter\":0,\"in_preview\":0,\"read_only\":0,\"precision\":\"\",\"length\":0,\"translatable\":0,\"doctype\":\"DocField\"},{\"docstatus\":0,\"doctype\":\"DocField\",\"name\":\"4ffa206ec7\",\"owner\":\"Administrator\",\"fieldtype\":\"Section Break\",\"reqd\":0,\"precision\":\"\",\"search_index\":0,\"in_list_view\":0,\"in_standard_filter\":0,\"in_global_search\":0,\"in_preview\":0,\"allow_in_quick_entry\":0,\"bold\":0,\"translatable\":0,\"collapsible\":1,\"fetch_if_empty\":0,\"hidden\":0,\"read_only\":0,\"unique\":0,\"set_only_once\":0,\"allow_bulk_edit\":0,\"permlevel\":0,\"ignore_user_permissions\":0,\"allow_on_submit\":0,\"report_hide\":0,\"remember_last_selected_value\":0,\"ignore_xss_filter\":0,\"in_filter\":0,\"no_copy\":0,\"print_hide\":0,\"print_hide_if_no_value\":0,\"parent\":\"Property\",\"parentfield\":\"fields\",\"parenttype\":\"DocType\",\"idx\":10,\"creation\":\"2021-06-18 08:39:23.003608\",\"modified\":\"2021-06-18 11:40:33.341866\",\"modified_by\":\"Administrator\",\"fieldname\":\"section_break_8\",\"columns\":0,\"length\":0,\"label\":\"Amenities Section\"},{\"docstatus\":0,\"doctype\":\"DocField\",\"name\":\"30d3f80187\",\"owner\":\"Administrator\",\"fieldtype\":\"Table\",\"reqd\":0,\"precision\":\"\",\"search_index\":0,\"in_list_view\":0,\"in_standard_filter\":0,\"in_global_search\":0,\"in_preview\":0,\"allow_in_quick_entry\":0,\"bold\":0,\"translatable\":0,\"collapsible\":0,\"fetch_if_empty\":0,\"hidden\":0,\"read_only\":0,\"unique\":0,\"set_only_once\":0,\"allow_bulk_edit\":0,\"permlevel\":0,\"ignore_user_permissions\":0,\"allow_on_submit\":0,\"report_hide\":0,\"remember_last_selected_value\":0,\"ignore_xss_filter\":0,\"in_filter\":0,\"no_copy\":0,\"print_hide\":0,\"print_hide_if_no_value\":0,\"parent\":\"Property\",\"parentfield\":\"fields\",\"parenttype\":\"DocType\",\"idx\":11,\"label\":\"Amenities\",\"options\":\"Property Amenity Detail\",\"creation\":\"2021-06-18 08:39:23.003608\",\"modified\":\"2021-06-18 11:40:33.341866\",\"modified_by\":\"Administrator\",\"fieldname\":\"amenities\",\"columns\":0,\"length\":0}],\"permissions\":[{\"name\":\"805a6b4f3b\",\"creation\":\"2021-06-18 08:39:23.003608\",\"modified\":\"2021-06-18 11:40:33.341866\",\"modified_by\":\"Administrator\",\"owner\":\"Administrator\",\"docstatus\":0,\"parent\":\"Property\",\"parentfield\":\"permissions\",\"parenttype\":\"DocType\",\"idx\":1,\"permlevel\":0,\"role\":\"System Manager\",\"read\":1,\"write\":1,\"create\":1,\"submit\":0,\"cancel\":0,\"delete\":1,\"amend\":0,\"report\":1,\"export\":1,\"import\":0,\"share\":1,\"print\":1,\"email\":1,\"if_owner\":0,\"set_user_permissions\":0,\"doctype\":\"DocPerm\"}],\"__unsaved\":1}"
}
Request Error
Traceback (most recent call last):
  File "/home/ahmed/frappe-bench/apps/frappe/frappe/app.py", line 67, in application
    response = frappe.api.handle()
  File "/home/ahmed/frappe-bench/apps/frappe/frappe/api.py", line 59, in handle
    return frappe.handler.handle()
  File "/home/ahmed/frappe-bench/apps/frappe/frappe/handler.py", line 24, in handle
    data = execute_cmd(cmd)
  File "/home/ahmed/frappe-bench/apps/frappe/frappe/handler.py", line 64, in execute_cmd
    return frappe.call(method, **frappe.form_dict)
  File "/home/ahmed/frappe-bench/apps/frappe/frappe/__init__.py", line 1075, in call
    return fn(*args, **newargs)
  File "/home/ahmed/frappe-bench/apps/frappe/frappe/desk/form/save.py", line 21, in savedocs
    doc.save()
  File "/home/ahmed/frappe-bench/apps/frappe/frappe/model/document.py", line 273, in save
    return self._save(*args, **kwargs)
  File "/home/ahmed/frappe-bench/apps/frappe/frappe/model/document.py", line 326, in _save
    self.run_post_save_methods()
  File "/home/ahmed/frappe-bench/apps/frappe/frappe/model/document.py", line 927, in run_post_save_methods
    self.run_method("on_update")
  File "/home/ahmed/frappe-bench/apps/frappe/frappe/model/document.py", line 797, in run_method
    out = Document.hook(fn)(self, *args, **kwargs)
  File "/home/ahmed/frappe-bench/apps/frappe/frappe/model/document.py", line 1073, in composer
    return composed(self, method, *args, **kwargs)
  File "/home/ahmed/frappe-bench/apps/frappe/frappe/model/document.py", line 1056, in runner
    add_to_return_value(self, fn(self, *args, **kwargs))
  File "/home/ahmed/frappe-bench/apps/frappe/frappe/model/document.py", line 791, in <lambda>
    fn = lambda self, *args, **kwargs: getattr(self, method)(*args, **kwargs)
  File "/home/ahmed/frappe-bench/apps/frappe/frappe/core/doctype/doctype/doctype.py", line 300, in on_update
    self.run_module_method("on_doctype_update")
  File "/home/ahmed/frappe-bench/apps/frappe/frappe/core/doctype/doctype/doctype.py", line 369, in run_module_method
    module = load_doctype_module(self.name, self.module)
  File "/home/ahmed/frappe-bench/apps/frappe/frappe/modules/utils.py", line 204, in load_doctype_module
    doctype_python_modules[key] = frappe.get_module(module_name)
  File "/home/ahmed/frappe-bench/apps/frappe/frappe/__init__.py", line 840, in get_module
    return importlib.import_module(modulename)
  File "/home/ahmed/frappe-bench/env/lib/python3.8/importlib/__init__.py", line 127, in import_module
    return _bootstrap._gcd_import(name[level:], package, level)
  File "<frozen importlib._bootstrap>", line 1014, in _gcd_import
  File "<frozen importlib._bootstrap>", line 991, in _find_and_load
  File "<frozen importlib._bootstrap>", line 975, in _find_and_load_unlocked
  File "<frozen importlib._bootstrap>", line 671, in _load_unlocked
  File "<frozen importlib._bootstrap_external>", line 779, in exec_module
  File "<frozen importlib._bootstrap_external>", line 916, in get_code
  File "<frozen importlib._bootstrap_external>", line 846, in source_to_code
  File "<frozen importlib._bootstrap>", line 219, in _call_with_frames_removed
  File "/home/ahmed/frappe-bench/apps/test_app/test_app/test_app/doctype/property/property.py", line 12
    frappe.throw((title='Error', msg='You are not Allowed to save <b>{self.name}<b>', exc=FileNotFoundError))
                       ^
SyntaxError: invalid syntax
[ERROR] 2021-06-19 10:34:55,733 | /home/ahmed/frappe-bench/apps/frappe/frappe/app.py:
Site: innovast
Form Dict: {
 "action": "Save",
 "cmd": "frappe.desk.form.save.savedocs",
 "doc": "{\"name\":\"Property\",\"creation\":\"2021-06-18 08:39:23.003608\",\"modified\":\"2021-06-18 22:32:14.580845\",\"modified_by\":\"Administrator\",\"owner\":\"Administrator\",\"docstatus\":0,\"idx\":0,\"issingle\":0,\"is_tree\":0,\"istable\":0,\"editable_grid\":1,\"track_changes\":1,\"module\":\"Test App\",\"autoname\":\"format:{######}\",\"name_case\":\"\",\"sort_field\":\"modified\",\"sort_order\":\"DESC\",\"read_only\":0,\"in_create\":0,\"allow_copy\":0,\"allow_rename\":0,\"allow_import\":0,\"hide_toolbar\":0,\"track_seen\":0,\"max_attachments\":0,\"document_type\":\"\",\"engine\":\"InnoDB\",\"is_submittable\":0,\"show_name_in_global_search\":0,\"custom\":0,\"beta\":0,\"has_web_view\":0,\"allow_guest_to_view\":0,\"quick_entry\":1,\"track_views\":0,\"allow_events_in_timeline\":0,\"allow_auto_repeat\":0,\"show_preview_popup\":0,\"doctype\":\"DocType\",\"fields\":[{\"name\":\"945d8b1255\",\"creation\":\"2021-06-18 08:39:23.003608\",\"modified\":\"2021-06-18 22:32:14.580845\",\"modified_by\":\"Administrator\",\"owner\":\"Administrator\",\"docstatus\":0,\"parent\":\"Property\",\"parentfield\":\"fields\",\"parenttype\":\"DocType\",\"idx\":1,\"fieldname\":\"property_name\",\"label\":\"Property Name\",\"fieldtype\":\"Data\",\"search_index\":0,\"hidden\":0,\"set_only_once\":0,\"allow_in_quick_entry\":0,\"print_hide\":0,\"report_hide\":0,\"reqd\":1,\"bold\":0,\"in_global_search\":0,\"collapsible\":0,\"unique\":0,\"no_copy\":0,\"allow_on_submit\":0,\"show_preview_popup\":0,\"permlevel\":0,\"ignore_user_permissions\":0,\"columns\":0,\"in_list_view\":1,\"fetch_if_empty\":0,\"in_filter\":0,\"remember_last_selected_value\":0,\"ignore_xss_filter\":0,\"print_hide_if_no_value\":0,\"allow_bulk_edit\":0,\"in_standard_filter\":0,\"in_preview\":0,\"read_only\":0,\"precision\":\"\",\"length\":0,\"translatable\":0,\"doctype\":\"DocField\"},{\"name\":\"5f4a27e75c\",\"creation\":\"2021-06-18 08:39:23.003608\",\"modified\":\"2021-06-18 22:32:14.580845\",\"modified_by\":\"Administrator\",\"owner\":\"Administrator\",\"docstatus\":0,\"parent\":\"Property\",\"parentfield\":\"fields\",\"parenttype\":\"DocType\",\"idx\":2,\"fieldname\":\"address\",\"label\":\"Address\",\"fieldtype\":\"Data\",\"search_index\":0,\"hidden\":0,\"set_only_once\":0,\"allow_in_quick_entry\":0,\"print_hide\":0,\"report_hide\":0,\"reqd\":1,\"bold\":0,\"in_global_search\":0,\"collapsible\":0,\"unique\":0,\"no_copy\":0,\"allow_on_submit\":0,\"show_preview_popup\":0,\"permlevel\":0,\"ignore_user_permissions\":0,\"columns\":0,\"in_list_view\":0,\"fetch_if_empty\":0,\"in_filter\":0,\"remember_last_selected_value\":0,\"ignore_xss_filter\":0,\"print_hide_if_no_value\":0,\"allow_bulk_edit\":0,\"in_standard_filter\":0,\"in_preview\":0,\"read_only\":0,\"precision\":\"\",\"length\":0,\"translatable\":0,\"doctype\":\"DocField\"},{\"name\":\"be6d38187e\",\"creation\":\"2021-06-18 08:39:23.003608\",\"modified\":\"2021-06-18 22:32:14.580845\",\"modified_by\":\"Administrator\",\"owner\":\"Administrator\",\"docstatus\":0,\"parent\":\"Property\",\"parentfield\":\"fields\",\"parenttype\":\"DocType\",\"idx\":3,\"fieldname\":\"property_type\",\"label\":\"Property Type\",\"fieldtype\":\"Link\",\"options\":\"Property Type\",\"search_index\":0,\"hidden\":0,\"set_only_once\":0,\"allow_in_quick_entry\":0,\"print_hide\":0,\"report_hide\":0,\"reqd\":0,\"bold\":0,\"in_global_search\":0,\"collapsible\":0,\"unique\":0,\"no_copy\":0,\"allow_on_submit\":0,\"show_preview_popup\":0,\"permlevel\":0,\"ignore_user_permissions\":0,\"columns\":0,\"in_list_view\":0,\"fetch_if_empty\":0,\"in_filter\":0,\"remember_last_selected_value\":0,\"ignore_xss_filter\":0,\"print_hide_if_no_value\":0,\"allow_bulk_edit\":0,\"in_standard_filter\":0,\"in_preview\":0,\"read_only\":0,\"precision\":\"\",\"length\":0,\"translatable\":0,\"doctype\":\"DocField\"},{\"name\":\"82d3047160\",\"creation\":\"2021-06-18 08:39:23.003608\",\"modified\":\"2021-06-18 22:32:14.580845\",\"modified_by\":\"Administrator\",\"owner\":\"Administrator\",\"docstatus\":0,\"parent\":\"Property\",\"parentfield\":\"fields\",\"parenttype\":\"DocType\",\"idx\":4,\"fieldname\":\"column_break_3\",\"fieldtype\":\"Column Break\",\"search_index\":0,\"hidden\":0,\"set_only_once\":0,\"allow_in_quick_entry\":0,\"print_hide\":0,\"report_hide\":0,\"reqd\":0,\"bold\":0,\"in_global_search\":0,\"collapsible\":0,\"unique\":0,\"no_copy\":0,\"allow_on_submit\":0,\"show_preview_popup\":0,\"permlevel\":0,\"ignore_user_permissions\":0,\"columns\":0,\"in_list_view\":0,\"fetch_if_empty\":0,\"in_filter\":0,\"remember_last_selected_value\":0,\"ignore_xss_filter\":0,\"print_hide_if_no_value\":0,\"allow_bulk_edit\":0,\"in_standard_filter\":0,\"in_preview\":0,\"read_only\":0,\"precision\":\"\",\"length\":0,\"translatable\":0,\"doctype\":\"DocField\"},{\"name\":\"c6a3ff67d6\",\"creation\":\"2021-06-18 08:39:23.003608\",\"modified\":\"2021-06-18 22:32:14.580845\",\"modified_by\":\"Administrator\",\"owner\":\"Administrator\",\"docstatus\":0,\"parent\":\"Property\",\"parentfield\":\"fields\",\"parenttype\":\"DocType\",\"idx\":5,\"fieldname\":\"image\",\"label\":\"Image\",\"fieldtype\":\"Attach Image\",\"search_index\":0,\"hidden\":0,\"set_only_once\":0,\"allow_in_quick_entry\":0,\"print_hide\":0,\"report_hide\":0,\"reqd\":1,\"bold\":0,\"in_global_search\":0,\"collapsible\":0,\"unique\":0,\"no_copy\":0,\"allow_on_submit\":0,\"show_preview_popup\":0,\"permlevel\":0,\"ignore_user_permissions\":0,\"columns\":0,\"in_list_view\":0,\"fetch_if_empty\":0,\"in_filter\":0,\"remember_last_selected_value\":0,\"ignore_xss_filter\":0,\"print_hide_if_no_value\":0,\"allow_bulk_edit\":0,\"in_standard_filter\":0,\"in_preview\":0,\"read_only\":0,\"precision\":\"\",\"length\":0,\"translatable\":0,\"doctype\":\"DocField\"},{\"name\":\"a33e322b6a\",\"creation\":\"2021-06-18 08:39:23.003608\",\"modified\":\"2021-06-18 22:32:14.580845\",\"modified_by\":\"Administrator\",\"owner\":\"Administrator\",\"docstatus\":0,\"parent\":\"Property\",\"parentfield\":\"fields\",\"parenttype\":\"DocType\",\"idx\":6,\"fieldname\":\"agent\",\"label\":\"Agent\",\"fieldtype\":\"Link\",\"options\":\"Agent\",\"search_index\":0,\"hidden\":0,\"set_only_once\":0,\"allow_in_quick_entry\":0,\"print_hide\":0,\"report_hide\":0,\"reqd\":0,\"bold\":0,\"in_global_search\":0,\"collapsible\":0,\"unique\":0,\"no_copy\":0,\"allow_on_submit\":0,\"show_preview_popup\":0,\"permlevel\":0,\"ignore_user_permissions\":0,\"columns\":0,\"in_list_view\":0,\"fetch_if_empty\":0,\"in_filter\":0,\"remember_last_selected_value\":0,\"ignore_xss_filter\":0,\"print_hide_if_no_value\":0,\"allow_bulk_edit\":0,\"in_standard_filter\":0,\"in_preview\":0,\"read_only\":0,\"precision\":\"\",\"length\":0,\"translatable\":0,\"doctype\":\"DocField\"},{\"name\":\"2a0909b907\",\"creation\":\"2021-06-18 08:39:23.003608\",\"modified\":\"2021-06-18 22:32:14.580845\",\"modified_by\":\"Administrator\",\"owner\":\"Administrator\",\"docstatus\":0,\"parent\":\"Property\",\"parentfield\":\"fields\",\"parenttype\":\"DocType\",\"idx\":7,\"fieldname\":\"status\",\"label\":\"Status\",\"fieldtype\":\"Select\",\"options\":\"\\nSale\\nRent\\nLease\",\"search_index\":0,\"hidden\":0,\"set_only_once\":0,\"allow_in_quick_entry\":0,\"print_hide\":0,\"report_hide\":0,\"reqd\":1,\"bold\":0,\"in_global_search\":0,\"collapsible\":0,\"unique\":0,\"no_copy\":0,\"allow_on_submit\":0,\"show_preview_popup\":0,\"permlevel\":0,\"ignore_user_permissions\":0,\"columns\":0,\"in_list_view\":0,\"fetch_if_empty\":0,\"in_filter\":0,\"remember_last_selected_value\":0,\"ignore_xss_filter\":0,\"print_hide_if_no_value\":0,\"allow_bulk_edit\":0,\"in_standard_filter\":0,\"in_preview\":0,\"read_only\":0,\"precision\":\"\",\"length\":0,\"translatable\":0,\"doctype\":\"DocField\"},{\"name\":\"6fd3f3db8b\",\"creation\":\"2021-06-18 08:39:23.003608\",\"modified\":\"2021-06-18 22:32:14.580845\",\"modified_by\":\"Administrator\",\"owner\":\"Administrator\",\"docstatus\":0,\"parent\":\"Property\",\"parentfield\":\"fields\",\"parenttype\":\"DocType\",\"idx\":8,\"fieldname\":\"section_break_6\",\"fieldtype\":\"Section Break\",\"search_index\":0,\"hidden\":0,\"set_only_once\":0,\"allow_in_quick_entry\":0,\"print_hide\":0,\"report_hide\":0,\"reqd\":0,\"bold\":0,\"in_global_search\":0,\"collapsible\":0,\"unique\":0,\"no_copy\":0,\"allow_on_submit\":0,\"show_preview_popup\":0,\"permlevel\":0,\"ignore_user_permissions\":0,\"columns\":0,\"in_list_view\":0,\"fetch_if_empty\":0,\"in_filter\":0,\"remember_last_selected_value\":0,\"ignore_xss_filter\":0,\"print_hide_if_no_value\":0,\"allow_bulk_edit\":0,\"in_standard_filter\":0,\"in_preview\":0,\"read_only\":0,\"precision\":\"\",\"length\":0,\"translatable\":0,\"doctype\":\"DocField\"},{\"name\":\"1562f321e7\",\"creation\":\"2021-06-18 08:39:23.003608\",\"modified\":\"2021-06-18 22:32:14.580845\",\"modified_by\":\"Administrator\",\"owner\":\"Administrator\",\"docstatus\":0,\"parent\":\"Property\",\"parentfield\":\"fields\",\"parenttype\":\"DocType\",\"idx\":9,\"fieldname\":\"description\",\"label\":\"Description\",\"fieldtype\":\"Text Editor\",\"search_index\":0,\"hidden\":0,\"set_only_once\":0,\"allow_in_quick_entry\":0,\"print_hide\":0,\"report_hide\":0,\"reqd\":0,\"bold\":0,\"in_global_search\":0,\"collapsible\":0,\"unique\":0,\"no_copy\":0,\"allow_on_submit\":0,\"show_preview_popup\":0,\"permlevel\":0,\"ignore_user_permissions\":0,\"columns\":0,\"in_list_view\":0,\"fetch_if_empty\":0,\"in_filter\":0,\"remember_last_selected_value\":0,\"ignore_xss_filter\":0,\"print_hide_if_no_value\":0,\"allow_bulk_edit\":0,\"in_standard_filter\":0,\"in_preview\":0,\"read_only\":0,\"precision\":\"\",\"length\":0,\"translatable\":0,\"doctype\":\"DocField\"},{\"name\":\"4ffa206ec7\",\"creation\":\"2021-06-18 08:39:23.003608\",\"modified\":\"2021-06-18 22:32:14.580845\",\"modified_by\":\"Administrator\",\"owner\":\"Administrator\",\"docstatus\":0,\"parent\":\"Property\",\"parentfield\":\"fields\",\"parenttype\":\"DocType\",\"idx\":10,\"fieldname\":\"section_break_8\",\"label\":\"Amenities Section\",\"fieldtype\":\"Section Break\",\"search_index\":0,\"hidden\":0,\"set_only_once\":0,\"allow_in_quick_entry\":0,\"print_hide\":0,\"report_hide\":0,\"reqd\":0,\"bold\":0,\"in_global_search\":0,\"collapsible\":1,\"unique\":0,\"no_copy\":0,\"allow_on_submit\":0,\"show_preview_popup\":0,\"permlevel\":0,\"ignore_user_permissions\":0,\"columns\":0,\"in_list_view\":0,\"fetch_if_empty\":0,\"in_filter\":0,\"remember_last_selected_value\":0,\"ignore_xss_filter\":0,\"print_hide_if_no_value\":0,\"allow_bulk_edit\":0,\"in_standard_filter\":0,\"in_preview\":0,\"read_only\":0,\"precision\":\"\",\"length\":0,\"translatable\":0,\"doctype\":\"DocField\"},{\"name\":\"30d3f80187\",\"creation\":\"2021-06-18 08:39:23.003608\",\"modified\":\"2021-06-18 22:32:14.580845\",\"modified_by\":\"Administrator\",\"owner\":\"Administrator\",\"docstatus\":0,\"parent\":\"Property\",\"parentfield\":\"fields\",\"parenttype\":\"DocType\",\"idx\":11,\"fieldname\":\"amenities\",\"label\":\"Amenities\",\"fieldtype\":\"Table\",\"options\":\"Property Amenity Detail\",\"search_index\":0,\"hidden\":0,\"set_only_once\":0,\"allow_in_quick_entry\":0,\"print_hide\":0,\"report_hide\":0,\"reqd\":0,\"bold\":0,\"in_global_search\":0,\"collapsible\":0,\"unique\":0,\"no_copy\":0,\"allow_on_submit\":0,\"show_preview_popup\":0,\"permlevel\":0,\"ignore_user_permissions\":0,\"columns\":0,\"in_list_view\":0,\"fetch_if_empty\":0,\"in_filter\":0,\"remember_last_selected_value\":0,\"ignore_xss_filter\":0,\"print_hide_if_no_value\":0,\"allow_bulk_edit\":0,\"in_standard_filter\":0,\"in_preview\":0,\"read_only\":0,\"precision\":\"\",\"length\":0,\"translatable\":0,\"doctype\":\"DocField\"}],\"permissions\":[{\"name\":\"805a6b4f3b\",\"creation\":\"2021-06-18 08:39:23.003608\",\"modified\":\"2021-06-18 22:32:14.580845\",\"modified_by\":\"Administrator\",\"owner\":\"Administrator\",\"docstatus\":0,\"parent\":\"Property\",\"parentfield\":\"permissions\",\"parenttype\":\"DocType\",\"idx\":1,\"permlevel\":0,\"role\":\"System Manager\",\"read\":1,\"write\":1,\"create\":1,\"submit\":0,\"cancel\":0,\"delete\":1,\"amend\":0,\"report\":1,\"export\":1,\"import\":0,\"share\":1,\"print\":1,\"email\":1,\"if_owner\":0,\"set_user_permissions\":0,\"doctype\":\"DocPerm\"}],\"__last_sync_on\":\"2021-06-19T07:34:37.704Z\",\"__unsaved\":1}"
}
Request Error
Traceback (most recent call last):
  File "/home/ahmed/frappe-bench/apps/frappe/frappe/app.py", line 67, in application
    response = frappe.api.handle()
  File "/home/ahmed/frappe-bench/apps/frappe/frappe/api.py", line 59, in handle
    return frappe.handler.handle()
  File "/home/ahmed/frappe-bench/apps/frappe/frappe/handler.py", line 24, in handle
    data = execute_cmd(cmd)
  File "/home/ahmed/frappe-bench/apps/frappe/frappe/handler.py", line 64, in execute_cmd
    return frappe.call(method, **frappe.form_dict)
  File "/home/ahmed/frappe-bench/apps/frappe/frappe/__init__.py", line 1075, in call
    return fn(*args, **newargs)
  File "/home/ahmed/frappe-bench/apps/frappe/frappe/desk/form/save.py", line 21, in savedocs
    doc.save()
  File "/home/ahmed/frappe-bench/apps/frappe/frappe/model/document.py", line 273, in save
    return self._save(*args, **kwargs)
  File "/home/ahmed/frappe-bench/apps/frappe/frappe/model/document.py", line 326, in _save
    self.run_post_save_methods()
  File "/home/ahmed/frappe-bench/apps/frappe/frappe/model/document.py", line 927, in run_post_save_methods
    self.run_method("on_update")
  File "/home/ahmed/frappe-bench/apps/frappe/frappe/model/document.py", line 797, in run_method
    out = Document.hook(fn)(self, *args, **kwargs)
  File "/home/ahmed/frappe-bench/apps/frappe/frappe/model/document.py", line 1073, in composer
    return composed(self, method, *args, **kwargs)
  File "/home/ahmed/frappe-bench/apps/frappe/frappe/model/document.py", line 1056, in runner
    add_to_return_value(self, fn(self, *args, **kwargs))
  File "/home/ahmed/frappe-bench/apps/frappe/frappe/model/document.py", line 791, in <lambda>
    fn = lambda self, *args, **kwargs: getattr(self, method)(*args, **kwargs)
  File "/home/ahmed/frappe-bench/apps/frappe/frappe/core/doctype/doctype/doctype.py", line 300, in on_update
    self.run_module_method("on_doctype_update")
  File "/home/ahmed/frappe-bench/apps/frappe/frappe/core/doctype/doctype/doctype.py", line 369, in run_module_method
    module = load_doctype_module(self.name, self.module)
  File "/home/ahmed/frappe-bench/apps/frappe/frappe/modules/utils.py", line 204, in load_doctype_module
    doctype_python_modules[key] = frappe.get_module(module_name)
  File "/home/ahmed/frappe-bench/apps/frappe/frappe/__init__.py", line 840, in get_module
    return importlib.import_module(modulename)
  File "/home/ahmed/frappe-bench/env/lib/python3.8/importlib/__init__.py", line 127, in import_module
    return _bootstrap._gcd_import(name[level:], package, level)
  File "<frozen importlib._bootstrap>", line 1014, in _gcd_import
  File "<frozen importlib._bootstrap>", line 991, in _find_and_load
  File "<frozen importlib._bootstrap>", line 975, in _find_and_load_unlocked
  File "<frozen importlib._bootstrap>", line 671, in _load_unlocked
  File "<frozen importlib._bootstrap_external>", line 783, in exec_module
  File "<frozen importlib._bootstrap>", line 219, in _call_with_frames_removed
  File "/home/ahmed/frappe-bench/apps/test_app/test_app/test_app/doctype/property/property.py", line 9, in <module>
    class Property(Document):
  File "/home/ahmed/frappe-bench/apps/test_app/test_app/test_app/doctype/property/property.py", line 10, in Property
    validate
NameError: name 'validate' is not defined
[ERROR] 2021-06-19 10:34:55,856 | /home/ahmed/frappe-bench/apps/frappe/frappe/utils/error.py:
New Exception collected with id: 2021-06-19 10:34:55.735571-127.0.0.1-aa9
[ERROR] 2021-06-19 10:40:24,548 | /home/ahmed/frappe-bench/apps/frappe/frappe/app.py:
Site: innovast
Form Dict: {
 "action": "Save",
 "cmd": "frappe.desk.form.save.savedocs",
 "doc": "{\"name\":\"000003\",\"owner\":\"Administrator\",\"creation\":\"2021-06-18 22:36:46.926696\",\"modified\":\"2021-06-18 22:36:46.926696\",\"modified_by\":\"Administrator\",\"parent\":null,\"parentfield\":null,\"parenttype\":null,\"idx\":0,\"docstatus\":0,\"property_name\":\"Property Test 3\",\"address\":\"test address 3\",\"property_type\":\"Flat\",\"image\":\"/files/1.jpeg\",\"agent\":null,\"status\":\"Sale\",\"description\":null,\"doctype\":\"Property\",\"amenities\":[],\"__last_sync_on\":\"2021-06-19T07:36:47.163Z\"}"
}
Request Error
Traceback (most recent call last):
  File "/home/ahmed/frappe-bench/apps/frappe/frappe/app.py", line 67, in application
    response = frappe.api.handle()
  File "/home/ahmed/frappe-bench/apps/frappe/frappe/api.py", line 59, in handle
    return frappe.handler.handle()
  File "/home/ahmed/frappe-bench/apps/frappe/frappe/handler.py", line 24, in handle
    data = execute_cmd(cmd)
  File "/home/ahmed/frappe-bench/apps/frappe/frappe/handler.py", line 64, in execute_cmd
    return frappe.call(method, **frappe.form_dict)
  File "/home/ahmed/frappe-bench/apps/frappe/frappe/__init__.py", line 1075, in call
    return fn(*args, **newargs)
  File "/home/ahmed/frappe-bench/apps/frappe/frappe/desk/form/save.py", line 12, in savedocs
    doc = frappe.get_doc(json.loads(doc))
  File "/home/ahmed/frappe-bench/apps/frappe/frappe/__init__.py", line 765, in get_doc
    doc = frappe.model.document.get_doc(*args, **kwargs)
  File "/home/ahmed/frappe-bench/apps/frappe/frappe/model/document.py", line 69, in get_doc
    controller = get_controller(doctype)
  File "/home/ahmed/frappe-bench/apps/frappe/frappe/model/base_document.py", line 48, in get_controller
    module = load_doctype_module(doctype, module_name)
  File "/home/ahmed/frappe-bench/apps/frappe/frappe/modules/utils.py", line 204, in load_doctype_module
    doctype_python_modules[key] = frappe.get_module(module_name)
  File "/home/ahmed/frappe-bench/apps/frappe/frappe/__init__.py", line 840, in get_module
    return importlib.import_module(modulename)
  File "/home/ahmed/frappe-bench/env/lib/python3.8/importlib/__init__.py", line 127, in import_module
    return _bootstrap._gcd_import(name[level:], package, level)
  File "<frozen importlib._bootstrap>", line 1014, in _gcd_import
  File "<frozen importlib._bootstrap>", line 991, in _find_and_load
  File "<frozen importlib._bootstrap>", line 975, in _find_and_load_unlocked
  File "<frozen importlib._bootstrap>", line 671, in _load_unlocked
  File "<frozen importlib._bootstrap_external>", line 779, in exec_module
  File "<frozen importlib._bootstrap_external>", line 916, in get_code
  File "<frozen importlib._bootstrap_external>", line 846, in source_to_code
  File "<frozen importlib._bootstrap>", line 219, in _call_with_frames_removed
  File "/home/ahmed/frappe-bench/apps/test_app/test_app/test_app/doctype/property/property.py", line 13
    frappe.throw((title='Error', msg='You are not Allowed to save <b>{self.name}<b>', exc=FileNotFoundError))
                       ^
SyntaxError: invalid syntax
[ERROR] 2021-06-19 10:40:24,683 | /home/ahmed/frappe-bench/apps/frappe/frappe/utils/error.py:
New Exception collected with id: 2021-06-19 10:40:24.549749-127.0.0.1-499
