[2021-06-14 23:30:40 +0300] [25590] [INFO] Starting gunicorn 19.10.0
[2021-06-14 23:30:40 +0300] [25590] [INFO] Listening at: http://127.0.0.1:8000 (25590)
[2021-06-14 23:30:40 +0300] [25590] [INFO] Using worker: sync
/home/ahmed/frappe-bench/env/lib/python3.8/os.py:1023: RuntimeWarning: line buffering (buffering=1) isn't supported in binary mode, the default buffer size will be used
  return io.open(fd, *args, **kwargs)
[2021-06-14 23:30:40 +0300] [25652] [INFO] Booting worker with pid: 25652
/home/ahmed/frappe-bench/env/lib/python3.8/os.py:1023: RuntimeWarning: line buffering (buffering=1) isn't supported in binary mode, the default buffer size will be used
  return io.open(fd, *args, **kwargs)
[2021-06-14 23:30:40 +0300] [25653] [INFO] Booting worker with pid: 25653
/home/ahmed/frappe-bench/env/lib/python3.8/os.py:1023: RuntimeWarning: line buffering (buffering=1) isn't supported in binary mode, the default buffer size will be used
  return io.open(fd, *args, **kwargs)
[2021-06-14 23:30:40 +0300] [25654] [INFO] Booting worker with pid: 25654
/home/ahmed/frappe-bench/env/lib/python3.8/os.py:1023: RuntimeWarning: line buffering (buffering=1) isn't supported in binary mode, the default buffer size will be used
  return io.open(fd, *args, **kwargs)
[2021-06-14 23:30:40 +0300] [25655] [INFO] Booting worker with pid: 25655
/home/ahmed/frappe-bench/env/lib/python3.8/os.py:1023: RuntimeWarning: line buffering (buffering=1) isn't supported in binary mode, the default buffer size will be used
  return io.open(fd, *args, **kwargs)
[2021-06-14 23:31:12 +0300] [25590] [INFO] Handling signal: term
[2021-06-14 23:31:12 +0300] [25652] [INFO] Worker exiting (pid: 25652)
[2021-06-14 23:31:12 +0300] [25654] [INFO] Worker exiting (pid: 25654)
[2021-06-14 23:31:12 +0300] [25653] [INFO] Worker exiting (pid: 25653)
[2021-06-14 23:31:12 +0300] [25655] [INFO] Worker exiting (pid: 25655)
[2021-06-14 23:31:13 +0300] [25590] [INFO] Shutting down: Master
[2021-06-14 23:31:35 +0300] [25671] [INFO] Starting gunicorn 19.10.0
[2021-06-14 23:31:35 +0300] [25671] [INFO] Listening at: http://127.0.0.1:8000 (25671)
[2021-06-14 23:31:35 +0300] [25671] [INFO] Using worker: sync
/home/ahmed/frappe-bench/env/lib/python3.8/os.py:1023: RuntimeWarning: line buffering (buffering=1) isn't supported in binary mode, the default buffer size will be used
  return io.open(fd, *args, **kwargs)
[2021-06-14 23:31:35 +0300] [25721] [INFO] Booting worker with pid: 25721
/home/ahmed/frappe-bench/env/lib/python3.8/os.py:1023: RuntimeWarning: line buffering (buffering=1) isn't supported in binary mode, the default buffer size will be used
  return io.open(fd, *args, **kwargs)
[2021-06-14 23:31:36 +0300] [25722] [INFO] Booting worker with pid: 25722
/home/ahmed/frappe-bench/env/lib/python3.8/os.py:1023: RuntimeWarning: line buffering (buffering=1) isn't supported in binary mode, the default buffer size will be used
  return io.open(fd, *args, **kwargs)
[2021-06-14 23:31:36 +0300] [25723] [INFO] Booting worker with pid: 25723
/home/ahmed/frappe-bench/env/lib/python3.8/os.py:1023: RuntimeWarning: line buffering (buffering=1) isn't supported in binary mode, the default buffer size will be used
  return io.open(fd, *args, **kwargs)
[2021-06-14 23:31:36 +0300] [25724] [INFO] Booting worker with pid: 25724
[2021-06-14 23:32:40 +0300] [25722] [INFO] Worker exiting (pid: 25722)
[2021-06-14 23:32:40 +0300] [25723] [INFO] Worker exiting (pid: 25723)
[2021-06-14 23:32:40 +0300] [25724] [INFO] Worker exiting (pid: 25724)
/home/ahmed/frappe-bench/env/lib/python3.8/os.py:1023: RuntimeWarning: line buffering (buffering=1) isn't supported in binary mode, the default buffer size will be used
  return io.open(fd, *args, **kwargs)
[2021-06-14 23:32:41 +0300] [25761] [INFO] Booting worker with pid: 25761
/home/ahmed/frappe-bench/env/lib/python3.8/os.py:1023: RuntimeWarning: line buffering (buffering=1) isn't supported in binary mode, the default buffer size will be used
  return io.open(fd, *args, **kwargs)
[2021-06-14 23:32:41 +0300] [25762] [INFO] Booting worker with pid: 25762
/home/ahmed/frappe-bench/env/lib/python3.8/os.py:1023: RuntimeWarning: line buffering (buffering=1) isn't supported in binary mode, the default buffer size will be used
  return io.open(fd, *args, **kwargs)
[2021-06-14 23:32:41 +0300] [25763] [INFO] Booting worker with pid: 25763
[2021-06-14 23:32:42 +0300] [25763] [INFO] Worker exiting (pid: 25763)
/home/ahmed/frappe-bench/env/lib/python3.8/os.py:1023: RuntimeWarning: line buffering (buffering=1) isn't supported in binary mode, the default buffer size will be used
  return io.open(fd, *args, **kwargs)
[2021-06-14 23:32:42 +0300] [25776] [INFO] Booting worker with pid: 25776
[2021-06-14 23:32:47 +0300] [25761] [INFO] Worker exiting (pid: 25761)
[2021-06-14 23:32:47 +0300] [25776] [INFO] Worker exiting (pid: 25776)
[2021-06-14 23:32:47 +0300] [25762] [INFO] Worker exiting (pid: 25762)
/home/ahmed/frappe-bench/env/lib/python3.8/os.py:1023: RuntimeWarning: line buffering (buffering=1) isn't supported in binary mode, the default buffer size will be used
  return io.open(fd, *args, **kwargs)
[2021-06-14 23:32:47 +0300] [25789] [INFO] Booting worker with pid: 25789
/home/ahmed/frappe-bench/env/lib/python3.8/os.py:1023: RuntimeWarning: line buffering (buffering=1) isn't supported in binary mode, the default buffer size will be used
  return io.open(fd, *args, **kwargs)
[2021-06-14 23:32:47 +0300] [25790] [INFO] Booting worker with pid: 25790
/home/ahmed/frappe-bench/env/lib/python3.8/os.py:1023: RuntimeWarning: line buffering (buffering=1) isn't supported in binary mode, the default buffer size will be used
  return io.open(fd, *args, **kwargs)
[2021-06-14 23:32:47 +0300] [25791] [INFO] Booting worker with pid: 25791
[2021-06-14 23:32:54 +0300] [25721] [INFO] Worker exiting (pid: 25721)
[2021-06-14 23:32:54 +0300] [25789] [INFO] Worker exiting (pid: 25789)
[2021-06-14 23:32:54 +0300] [25791] [INFO] Worker exiting (pid: 25791)
/home/ahmed/frappe-bench/env/lib/python3.8/os.py:1023: RuntimeWarning: line buffering (buffering=1) isn't supported in binary mode, the default buffer size will be used
  return io.open(fd, *args, **kwargs)
[2021-06-14 23:32:55 +0300] [25851] [INFO] Booting worker with pid: 25851
/home/ahmed/frappe-bench/env/lib/python3.8/os.py:1023: RuntimeWarning: line buffering (buffering=1) isn't supported in binary mode, the default buffer size will be used
  return io.open(fd, *args, **kwargs)
[2021-06-14 23:32:55 +0300] [25852] [INFO] Booting worker with pid: 25852
/home/ahmed/frappe-bench/env/lib/python3.8/os.py:1023: RuntimeWarning: line buffering (buffering=1) isn't supported in binary mode, the default buffer size will be used
  return io.open(fd, *args, **kwargs)
[2021-06-14 23:32:55 +0300] [25853] [INFO] Booting worker with pid: 25853
[2021-06-14 23:34:31 +0300] [25790] [INFO] Worker exiting (pid: 25790)
[2021-06-14 23:34:31 +0300] [25851] [INFO] Worker exiting (pid: 25851)
[2021-06-14 23:34:31 +0300] [25852] [INFO] Worker exiting (pid: 25852)
/home/ahmed/frappe-bench/env/lib/python3.8/os.py:1023: RuntimeWarning: line buffering (buffering=1) isn't supported in binary mode, the default buffer size will be used
  return io.open(fd, *args, **kwargs)
[2021-06-14 23:34:31 +0300] [25927] [INFO] Booting worker with pid: 25927
/home/ahmed/frappe-bench/env/lib/python3.8/os.py:1023: RuntimeWarning: line buffering (buffering=1) isn't supported in binary mode, the default buffer size will be used
  return io.open(fd, *args, **kwargs)
[2021-06-14 23:34:32 +0300] [25928] [INFO] Booting worker with pid: 25928
/home/ahmed/frappe-bench/env/lib/python3.8/os.py:1023: RuntimeWarning: line buffering (buffering=1) isn't supported in binary mode, the default buffer size will be used
  return io.open(fd, *args, **kwargs)
[2021-06-14 23:34:32 +0300] [25929] [INFO] Booting worker with pid: 25929
[2021-06-14 23:34:32 +0300] [25928] [INFO] Worker exiting (pid: 25928)
[2021-06-14 23:34:32 +0300] [25853] [INFO] Worker exiting (pid: 25853)
[2021-06-14 23:34:32 +0300] [25929] [INFO] Worker exiting (pid: 25929)
/home/ahmed/frappe-bench/env/lib/python3.8/os.py:1023: RuntimeWarning: line buffering (buffering=1) isn't supported in binary mode, the default buffer size will be used
  return io.open(fd, *args, **kwargs)
[2021-06-14 23:34:32 +0300] [25942] [INFO] Booting worker with pid: 25942
/home/ahmed/frappe-bench/env/lib/python3.8/os.py:1023: RuntimeWarning: line buffering (buffering=1) isn't supported in binary mode, the default buffer size will be used
  return io.open(fd, *args, **kwargs)
[2021-06-14 23:34:33 +0300] [25943] [INFO] Booting worker with pid: 25943
/home/ahmed/frappe-bench/env/lib/python3.8/os.py:1023: RuntimeWarning: line buffering (buffering=1) isn't supported in binary mode, the default buffer size will be used
  return io.open(fd, *args, **kwargs)
[2021-06-14 23:34:33 +0300] [25944] [INFO] Booting worker with pid: 25944
[2021-06-14 23:34:37 +0300] [25927] [INFO] Worker exiting (pid: 25927)
[2021-06-14 23:34:37 +0300] [25944] [INFO] Worker exiting (pid: 25944)
[2021-06-14 23:34:37 +0300] [25943] [INFO] Worker exiting (pid: 25943)
/home/ahmed/frappe-bench/env/lib/python3.8/os.py:1023: RuntimeWarning: line buffering (buffering=1) isn't supported in binary mode, the default buffer size will be used
  return io.open(fd, *args, **kwargs)
[2021-06-14 23:34:37 +0300] [25958] [INFO] Booting worker with pid: 25958
/home/ahmed/frappe-bench/env/lib/python3.8/os.py:1023: RuntimeWarning: line buffering (buffering=1) isn't supported in binary mode, the default buffer size will be used
  return io.open(fd, *args, **kwargs)
[2021-06-14 23:34:37 +0300] [25959] [INFO] Booting worker with pid: 25959
/home/ahmed/frappe-bench/env/lib/python3.8/os.py:1023: RuntimeWarning: line buffering (buffering=1) isn't supported in binary mode, the default buffer size will be used
  return io.open(fd, *args, **kwargs)
[2021-06-14 23:34:37 +0300] [25960] [INFO] Booting worker with pid: 25960
[2021-06-14 23:34:38 +0300] [25942] [INFO] Worker exiting (pid: 25942)
[2021-06-14 23:34:38 +0300] [25958] [INFO] Worker exiting (pid: 25958)
[2021-06-14 23:34:38 +0300] [25960] [INFO] Worker exiting (pid: 25960)
/home/ahmed/frappe-bench/env/lib/python3.8/os.py:1023: RuntimeWarning: line buffering (buffering=1) isn't supported in binary mode, the default buffer size will be used
  return io.open(fd, *args, **kwargs)
[2021-06-14 23:34:38 +0300] [25973] [INFO] Booting worker with pid: 25973
/home/ahmed/frappe-bench/env/lib/python3.8/os.py:1023: RuntimeWarning: line buffering (buffering=1) isn't supported in binary mode, the default buffer size will be used
  return io.open(fd, *args, **kwargs)
[2021-06-14 23:34:38 +0300] [25974] [INFO] Booting worker with pid: 25974
/home/ahmed/frappe-bench/env/lib/python3.8/os.py:1023: RuntimeWarning: line buffering (buffering=1) isn't supported in binary mode, the default buffer size will be used
  return io.open(fd, *args, **kwargs)
[2021-06-14 23:34:38 +0300] [25975] [INFO] Booting worker with pid: 25975
[2021-06-14 23:34:43 +0300] [25959] [INFO] Worker exiting (pid: 25959)
[2021-06-14 23:34:43 +0300] [25975] [INFO] Worker exiting (pid: 25975)
[2021-06-14 23:34:43 +0300] [25974] [INFO] Worker exiting (pid: 25974)
/home/ahmed/frappe-bench/env/lib/python3.8/os.py:1023: RuntimeWarning: line buffering (buffering=1) isn't supported in binary mode, the default buffer size will be used
  return io.open(fd, *args, **kwargs)
[2021-06-14 23:34:43 +0300] [25990] [INFO] Booting worker with pid: 25990
/home/ahmed/frappe-bench/env/lib/python3.8/os.py:1023: RuntimeWarning: line buffering (buffering=1) isn't supported in binary mode, the default buffer size will be used
  return io.open(fd, *args, **kwargs)
[2021-06-14 23:34:43 +0300] [25991] [INFO] Booting worker with pid: 25991
/home/ahmed/frappe-bench/env/lib/python3.8/os.py:1023: RuntimeWarning: line buffering (buffering=1) isn't supported in binary mode, the default buffer size will be used
  return io.open(fd, *args, **kwargs)
[2021-06-14 23:34:43 +0300] [25992] [INFO] Booting worker with pid: 25992
[2021-06-14 23:35:13 +0300] [25992] [INFO] Worker exiting (pid: 25992)
[2021-06-14 23:35:13 +0300] [25990] [INFO] Worker exiting (pid: 25990)
[2021-06-14 23:35:13 +0300] [25973] [INFO] Worker exiting (pid: 25973)
/home/ahmed/frappe-bench/env/lib/python3.8/os.py:1023: RuntimeWarning: line buffering (buffering=1) isn't supported in binary mode, the default buffer size will be used
  return io.open(fd, *args, **kwargs)
[2021-06-14 23:35:13 +0300] [26006] [INFO] Booting worker with pid: 26006
/home/ahmed/frappe-bench/env/lib/python3.8/os.py:1023: RuntimeWarning: line buffering (buffering=1) isn't supported in binary mode, the default buffer size will be used
  return io.open(fd, *args, **kwargs)
[2021-06-14 23:35:13 +0300] [26007] [INFO] Booting worker with pid: 26007
/home/ahmed/frappe-bench/env/lib/python3.8/os.py:1023: RuntimeWarning: line buffering (buffering=1) isn't supported in binary mode, the default buffer size will be used
  return io.open(fd, *args, **kwargs)
[2021-06-14 23:35:13 +0300] [26008] [INFO] Booting worker with pid: 26008
/home/ahmed/frappe-bench/env/lib/python3.8/os.py:1023: RuntimeWarning: line buffering (buffering=1) isn't supported in binary mode, the default buffer size will be used
  return io.open(fd, *args, **kwargs)
[2021-06-14 23:42:29 +0300] [25671] [INFO] Handling signal: term
[2021-06-14 23:42:29 +0300] [25991] [INFO] Worker exiting (pid: 25991)
[2021-06-14 23:42:29 +0300] [26006] [INFO] Worker exiting (pid: 26006)
[2021-06-14 23:42:29 +0300] [26007] [INFO] Worker exiting (pid: 26007)
[2021-06-14 23:42:29 +0300] [26008] [INFO] Worker exiting (pid: 26008)
[2021-06-14 23:42:30 +0300] [25671] [INFO] Shutting down: Master
[2021-06-14 23:42:42 +0300] [26261] [INFO] Starting gunicorn 19.10.0
[2021-06-14 23:42:42 +0300] [26261] [INFO] Listening at: http://127.0.0.1:8000 (26261)
[2021-06-14 23:42:42 +0300] [26261] [INFO] Using worker: sync
/home/ahmed/frappe-bench/env/lib/python3.8/os.py:1023: RuntimeWarning: line buffering (buffering=1) isn't supported in binary mode, the default buffer size will be used
  return io.open(fd, *args, **kwargs)
[2021-06-14 23:42:42 +0300] [26311] [INFO] Booting worker with pid: 26311
/home/ahmed/frappe-bench/env/lib/python3.8/os.py:1023: RuntimeWarning: line buffering (buffering=1) isn't supported in binary mode, the default buffer size will be used
  return io.open(fd, *args, **kwargs)
[2021-06-14 23:42:42 +0300] [26312] [INFO] Booting worker with pid: 26312
/home/ahmed/frappe-bench/env/lib/python3.8/os.py:1023: RuntimeWarning: line buffering (buffering=1) isn't supported in binary mode, the default buffer size will be used
  return io.open(fd, *args, **kwargs)
[2021-06-14 23:42:42 +0300] [26314] [INFO] Booting worker with pid: 26314
/home/ahmed/frappe-bench/env/lib/python3.8/os.py:1023: RuntimeWarning: line buffering (buffering=1) isn't supported in binary mode, the default buffer size will be used
  return io.open(fd, *args, **kwargs)
[2021-06-14 23:42:42 +0300] [26313] [INFO] Booting worker with pid: 26313
[2021-06-14 23:43:33 +0300] [26314] [INFO] Worker exiting (pid: 26314)
[2021-06-14 23:43:33 +0300] [26312] [INFO] Worker exiting (pid: 26312)
[2021-06-14 23:43:33 +0300] [26313] [INFO] Worker exiting (pid: 26313)
/home/ahmed/frappe-bench/env/lib/python3.8/os.py:1023: RuntimeWarning: line buffering (buffering=1) isn't supported in binary mode, the default buffer size will be used
  return io.open(fd, *args, **kwargs)
[2021-06-14 23:43:33 +0300] [26445] [INFO] Booting worker with pid: 26445
/home/ahmed/frappe-bench/env/lib/python3.8/os.py:1023: RuntimeWarning: line buffering (buffering=1) isn't supported in binary mode, the default buffer size will be used
  return io.open(fd, *args, **kwargs)
[2021-06-14 23:43:33 +0300] [26446] [INFO] Booting worker with pid: 26446
/home/ahmed/frappe-bench/env/lib/python3.8/os.py:1023: RuntimeWarning: line buffering (buffering=1) isn't supported in binary mode, the default buffer size will be used
  return io.open(fd, *args, **kwargs)
[2021-06-14 23:43:33 +0300] [26447] [INFO] Booting worker with pid: 26447
[2021-06-14 23:43:34 +0300] [26445] [INFO] Worker exiting (pid: 26445)
[2021-06-14 23:43:34 +0300] [26446] [INFO] Worker exiting (pid: 26446)
[2021-06-14 23:43:34 +0300] [26311] [INFO] Worker exiting (pid: 26311)
/home/ahmed/frappe-bench/env/lib/python3.8/os.py:1023: RuntimeWarning: line buffering (buffering=1) isn't supported in binary mode, the default buffer size will be used
  return io.open(fd, *args, **kwargs)
[2021-06-14 23:43:34 +0300] [26460] [INFO] Booting worker with pid: 26460
/home/ahmed/frappe-bench/env/lib/python3.8/os.py:1023: RuntimeWarning: line buffering (buffering=1) isn't supported in binary mode, the default buffer size will be used
  return io.open(fd, *args, **kwargs)
[2021-06-14 23:43:34 +0300] [26461] [INFO] Booting worker with pid: 26461
/home/ahmed/frappe-bench/env/lib/python3.8/os.py:1023: RuntimeWarning: line buffering (buffering=1) isn't supported in binary mode, the default buffer size will be used
  return io.open(fd, *args, **kwargs)
[2021-06-14 23:43:34 +0300] [26462] [INFO] Booting worker with pid: 26462
[2021-06-14 23:43:39 +0300] [26462] [INFO] Worker exiting (pid: 26462)
[2021-06-14 23:43:39 +0300] [26461] [INFO] Worker exiting (pid: 26461)
[2021-06-14 23:43:39 +0300] [26460] [INFO] Worker exiting (pid: 26460)
/home/ahmed/frappe-bench/env/lib/python3.8/os.py:1023: RuntimeWarning: line buffering (buffering=1) isn't supported in binary mode, the default buffer size will be used
  return io.open(fd, *args, **kwargs)
[2021-06-14 23:43:39 +0300] [26475] [INFO] Booting worker with pid: 26475
/home/ahmed/frappe-bench/env/lib/python3.8/os.py:1023: RuntimeWarning: line buffering (buffering=1) isn't supported in binary mode, the default buffer size will be used
  return io.open(fd, *args, **kwargs)
[2021-06-14 23:43:39 +0300] [26476] [INFO] Booting worker with pid: 26476
/home/ahmed/frappe-bench/env/lib/python3.8/os.py:1023: RuntimeWarning: line buffering (buffering=1) isn't supported in binary mode, the default buffer size will be used
  return io.open(fd, *args, **kwargs)
[2021-06-14 23:43:39 +0300] [26477] [INFO] Booting worker with pid: 26477
[2021-06-14 23:46:09 +0300] [26477] [INFO] Worker exiting (pid: 26477)
[2021-06-14 23:46:09 +0300] [26447] [INFO] Worker exiting (pid: 26447)
[2021-06-14 23:46:09 +0300] [26475] [INFO] Worker exiting (pid: 26475)
/home/ahmed/frappe-bench/env/lib/python3.8/os.py:1023: RuntimeWarning: line buffering (buffering=1) isn't supported in binary mode, the default buffer size will be used
  return io.open(fd, *args, **kwargs)
[2021-06-14 23:46:09 +0300] [26646] [INFO] Booting worker with pid: 26646
/home/ahmed/frappe-bench/env/lib/python3.8/os.py:1023: RuntimeWarning: line buffering (buffering=1) isn't supported in binary mode, the default buffer size will be used
  return io.open(fd, *args, **kwargs)
[2021-06-14 23:46:09 +0300] [26647] [INFO] Booting worker with pid: 26647
/home/ahmed/frappe-bench/env/lib/python3.8/os.py:1023: RuntimeWarning: line buffering (buffering=1) isn't supported in binary mode, the default buffer size will be used
  return io.open(fd, *args, **kwargs)
[2021-06-14 23:46:09 +0300] [26648] [INFO] Booting worker with pid: 26648
/home/ahmed/frappe-bench/env/lib/python3.8/os.py:1023: RuntimeWarning: line buffering (buffering=1) isn't supported in binary mode, the default buffer size will be used
  return io.open(fd, *args, **kwargs)
[2021-06-14 23:47:40 +0300] [26261] [INFO] Handling signal: term
[2021-06-14 23:47:40 +0300] [26647] [INFO] Worker exiting (pid: 26647)
[2021-06-14 23:47:40 +0300] [26476] [INFO] Worker exiting (pid: 26476)
[2021-06-14 23:47:40 +0300] [26646] [INFO] Worker exiting (pid: 26646)
[2021-06-14 23:47:40 +0300] [26648] [INFO] Worker exiting (pid: 26648)
[2021-06-14 23:47:40 +0300] [26261] [INFO] Shutting down: Master
[2021-06-14 23:47:44 +0300] [26743] [INFO] Starting gunicorn 19.10.0
[2021-06-14 23:47:44 +0300] [26743] [INFO] Listening at: http://127.0.0.1:8000 (26743)
[2021-06-14 23:47:44 +0300] [26743] [INFO] Using worker: sync
/home/ahmed/frappe-bench/env/lib/python3.8/os.py:1023: RuntimeWarning: line buffering (buffering=1) isn't supported in binary mode, the default buffer size will be used
  return io.open(fd, *args, **kwargs)
[2021-06-14 23:47:44 +0300] [26764] [INFO] Booting worker with pid: 26764
/home/ahmed/frappe-bench/env/lib/python3.8/os.py:1023: RuntimeWarning: line buffering (buffering=1) isn't supported in binary mode, the default buffer size will be used
  return io.open(fd, *args, **kwargs)
[2021-06-14 23:47:44 +0300] [26766] [INFO] Booting worker with pid: 26766
/home/ahmed/frappe-bench/env/lib/python3.8/os.py:1023: RuntimeWarning: line buffering (buffering=1) isn't supported in binary mode, the default buffer size will be used
  return io.open(fd, *args, **kwargs)
[2021-06-14 23:47:44 +0300] [26767] [INFO] Booting worker with pid: 26767
/home/ahmed/frappe-bench/env/lib/python3.8/os.py:1023: RuntimeWarning: line buffering (buffering=1) isn't supported in binary mode, the default buffer size will be used
  return io.open(fd, *args, **kwargs)
[2021-06-14 23:47:44 +0300] [26768] [INFO] Booting worker with pid: 26768
[2021-06-14 23:48:42 +0300] [26764] [INFO] Worker exiting (pid: 26764)
[2021-06-14 23:48:42 +0300] [26768] [INFO] Worker exiting (pid: 26768)
[2021-06-14 23:48:42 +0300] [26766] [INFO] Worker exiting (pid: 26766)
[2021-06-14 23:48:42 +0300] [26767] [INFO] Worker exiting (pid: 26767)
/home/ahmed/frappe-bench/env/lib/python3.8/os.py:1023: RuntimeWarning: line buffering (buffering=1) isn't supported in binary mode, the default buffer size will be used
  return io.open(fd, *args, **kwargs)
[2021-06-14 23:48:42 +0300] [27038] [INFO] Booting worker with pid: 27038
[2021-06-14 23:48:42 +0300] [27038] [INFO] Worker exiting (pid: 27038)
/home/ahmed/frappe-bench/env/lib/python3.8/os.py:1023: RuntimeWarning: line buffering (buffering=1) isn't supported in binary mode, the default buffer size will be used
  return io.open(fd, *args, **kwargs)
[2021-06-14 23:48:42 +0300] [27039] [INFO] Booting worker with pid: 27039
[2021-06-14 23:48:42 +0300] [27039] [INFO] Worker exiting (pid: 27039)
/home/ahmed/frappe-bench/env/lib/python3.8/os.py:1023: RuntimeWarning: line buffering (buffering=1) isn't supported in binary mode, the default buffer size will be used
  return io.open(fd, *args, **kwargs)
[2021-06-14 23:48:42 +0300] [27040] [INFO] Booting worker with pid: 27040
[2021-06-14 23:48:42 +0300] [27040] [INFO] Worker exiting (pid: 27040)
/home/ahmed/frappe-bench/env/lib/python3.8/os.py:1023: RuntimeWarning: line buffering (buffering=1) isn't supported in binary mode, the default buffer size will be used
  return io.open(fd, *args, **kwargs)
[2021-06-14 23:48:42 +0300] [27041] [INFO] Booting worker with pid: 27041
[2021-06-14 23:48:42 +0300] [27041] [INFO] Worker exiting (pid: 27041)
/home/ahmed/frappe-bench/env/lib/python3.8/os.py:1023: RuntimeWarning: line buffering (buffering=1) isn't supported in binary mode, the default buffer size will be used
  return io.open(fd, *args, **kwargs)
[2021-06-14 23:48:42 +0300] [27042] [INFO] Booting worker with pid: 27042
[2021-06-14 23:48:42 +0300] [27042] [INFO] Worker exiting (pid: 27042)
/home/ahmed/frappe-bench/env/lib/python3.8/os.py:1023: RuntimeWarning: line buffering (buffering=1) isn't supported in binary mode, the default buffer size will be used
  return io.open(fd, *args, **kwargs)
[2021-06-14 23:48:42 +0300] [27043] [INFO] Booting worker with pid: 27043
[2021-06-14 23:48:42 +0300] [27043] [INFO] Worker exiting (pid: 27043)
/home/ahmed/frappe-bench/env/lib/python3.8/os.py:1023: RuntimeWarning: line buffering (buffering=1) isn't supported in binary mode, the default buffer size will be used
  return io.open(fd, *args, **kwargs)
[2021-06-14 23:48:42 +0300] [27045] [INFO] Booting worker with pid: 27045
/home/ahmed/frappe-bench/env/lib/python3.8/os.py:1023: RuntimeWarning: line buffering (buffering=1) isn't supported in binary mode, the default buffer size will be used
  return io.open(fd, *args, **kwargs)
[2021-06-14 23:48:42 +0300] [27047] [INFO] Booting worker with pid: 27047
/home/ahmed/frappe-bench/env/lib/python3.8/os.py:1023: RuntimeWarning: line buffering (buffering=1) isn't supported in binary mode, the default buffer size will be used
  return io.open(fd, *args, **kwargs)
[2021-06-14 23:48:42 +0300] [27049] [INFO] Booting worker with pid: 27049
/home/ahmed/frappe-bench/env/lib/python3.8/os.py:1023: RuntimeWarning: line buffering (buffering=1) isn't supported in binary mode, the default buffer size will be used
  return io.open(fd, *args, **kwargs)
[2021-06-14 23:48:43 +0300] [27051] [INFO] Booting worker with pid: 27051
[2021-06-14 23:48:48 +0300] [27051] [INFO] Worker exiting (pid: 27051)
[2021-06-14 23:48:48 +0300] [27049] [INFO] Worker exiting (pid: 27049)
[2021-06-14 23:48:48 +0300] [27045] [INFO] Worker exiting (pid: 27045)
[2021-06-14 23:48:48 +0300] [27047] [INFO] Worker exiting (pid: 27047)
/home/ahmed/frappe-bench/env/lib/python3.8/os.py:1023: RuntimeWarning: line buffering (buffering=1) isn't supported in binary mode, the default buffer size will be used
  return io.open(fd, *args, **kwargs)
[2021-06-14 23:48:48 +0300] [27077] [INFO] Booting worker with pid: 27077
[2021-06-14 23:48:48 +0300] [27077] [INFO] Worker exiting (pid: 27077)
/home/ahmed/frappe-bench/env/lib/python3.8/os.py:1023: RuntimeWarning: line buffering (buffering=1) isn't supported in binary mode, the default buffer size will be used
  return io.open(fd, *args, **kwargs)
[2021-06-14 23:48:48 +0300] [27078] [INFO] Booting worker with pid: 27078
[2021-06-14 23:48:48 +0300] [27078] [INFO] Worker exiting (pid: 27078)
/home/ahmed/frappe-bench/env/lib/python3.8/os.py:1023: RuntimeWarning: line buffering (buffering=1) isn't supported in binary mode, the default buffer size will be used
  return io.open(fd, *args, **kwargs)
[2021-06-14 23:48:48 +0300] [27079] [INFO] Booting worker with pid: 27079
[2021-06-14 23:48:48 +0300] [27079] [INFO] Worker exiting (pid: 27079)
/home/ahmed/frappe-bench/env/lib/python3.8/os.py:1023: RuntimeWarning: line buffering (buffering=1) isn't supported in binary mode, the default buffer size will be used
  return io.open(fd, *args, **kwargs)
[2021-06-14 23:48:48 +0300] [27080] [INFO] Booting worker with pid: 27080
[2021-06-14 23:48:48 +0300] [27080] [INFO] Worker exiting (pid: 27080)
/home/ahmed/frappe-bench/env/lib/python3.8/os.py:1023: RuntimeWarning: line buffering (buffering=1) isn't supported in binary mode, the default buffer size will be used
  return io.open(fd, *args, **kwargs)
[2021-06-14 23:48:48 +0300] [27081] [INFO] Booting worker with pid: 27081
[2021-06-14 23:48:48 +0300] [27081] [INFO] Worker exiting (pid: 27081)
/home/ahmed/frappe-bench/env/lib/python3.8/os.py:1023: RuntimeWarning: line buffering (buffering=1) isn't supported in binary mode, the default buffer size will be used
  return io.open(fd, *args, **kwargs)
[2021-06-14 23:48:48 +0300] [27082] [INFO] Booting worker with pid: 27082
[2021-06-14 23:48:48 +0300] [27082] [INFO] Worker exiting (pid: 27082)
/home/ahmed/frappe-bench/env/lib/python3.8/os.py:1023: RuntimeWarning: line buffering (buffering=1) isn't supported in binary mode, the default buffer size will be used
  return io.open(fd, *args, **kwargs)
[2021-06-14 23:48:49 +0300] [27083] [INFO] Booting worker with pid: 27083
/home/ahmed/frappe-bench/env/lib/python3.8/os.py:1023: RuntimeWarning: line buffering (buffering=1) isn't supported in binary mode, the default buffer size will be used
  return io.open(fd, *args, **kwargs)
[2021-06-14 23:48:49 +0300] [27084] [INFO] Booting worker with pid: 27084
/home/ahmed/frappe-bench/env/lib/python3.8/os.py:1023: RuntimeWarning: line buffering (buffering=1) isn't supported in binary mode, the default buffer size will be used
  return io.open(fd, *args, **kwargs)
[2021-06-14 23:48:49 +0300] [27085] [INFO] Booting worker with pid: 27085
/home/ahmed/frappe-bench/env/lib/python3.8/os.py:1023: RuntimeWarning: line buffering (buffering=1) isn't supported in binary mode, the default buffer size will be used
  return io.open(fd, *args, **kwargs)
[2021-06-14 23:48:49 +0300] [27086] [INFO] Booting worker with pid: 27086
/home/ahmed/frappe-bench/env/lib/python3.8/os.py:1023: RuntimeWarning: line buffering (buffering=1) isn't supported in binary mode, the default buffer size will be used
  return io.open(fd, *args, **kwargs)
[2021-06-14 23:49:57 +0300] [26743] [INFO] Handling signal: term
[2021-06-14 23:49:57 +0300] [27083] [INFO] Worker exiting (pid: 27083)
[2021-06-14 23:49:57 +0300] [27084] [INFO] Worker exiting (pid: 27084)
[2021-06-14 23:49:57 +0300] [27085] [INFO] Worker exiting (pid: 27085)
[2021-06-14 23:49:57 +0300] [27086] [INFO] Worker exiting (pid: 27086)
[2021-06-14 23:49:57 +0300] [26743] [INFO] Shutting down: Master
[2021-06-14 23:51:20 +0300] [2072] [INFO] Starting gunicorn 19.10.0
[2021-06-14 23:51:20 +0300] [2072] [INFO] Listening at: http://127.0.0.1:8000 (2072)
[2021-06-14 23:51:20 +0300] [2072] [INFO] Using worker: sync
/home/ahmed/frappe-bench/env/lib/python3.8/os.py:1023: RuntimeWarning: line buffering (buffering=1) isn't supported in binary mode, the default buffer size will be used
  return io.open(fd, *args, **kwargs)
[2021-06-14 23:51:20 +0300] [2611] [INFO] Booting worker with pid: 2611
/home/ahmed/frappe-bench/env/lib/python3.8/os.py:1023: RuntimeWarning: line buffering (buffering=1) isn't supported in binary mode, the default buffer size will be used
  return io.open(fd, *args, **kwargs)
[2021-06-14 23:51:21 +0300] [2612] [INFO] Booting worker with pid: 2612
/home/ahmed/frappe-bench/env/lib/python3.8/os.py:1023: RuntimeWarning: line buffering (buffering=1) isn't supported in binary mode, the default buffer size will be used
  return io.open(fd, *args, **kwargs)
[2021-06-14 23:51:21 +0300] [2613] [INFO] Booting worker with pid: 2613
/home/ahmed/frappe-bench/env/lib/python3.8/os.py:1023: RuntimeWarning: line buffering (buffering=1) isn't supported in binary mode, the default buffer size will be used
  return io.open(fd, *args, **kwargs)
[2021-06-14 23:51:21 +0300] [2614] [INFO] Booting worker with pid: 2614
[2021-06-15 00:01:59 +0300] [2614] [INFO] Worker exiting (pid: 2614)
[2021-06-15 00:01:59 +0300] [2611] [INFO] Worker exiting (pid: 2611)
[2021-06-15 00:01:59 +0300] [2612] [INFO] Worker exiting (pid: 2612)
/home/ahmed/frappe-bench/env/lib/python3.8/os.py:1023: RuntimeWarning: line buffering (buffering=1) isn't supported in binary mode, the default buffer size will be used
  return io.open(fd, *args, **kwargs)
[2021-06-15 00:02:00 +0300] [5389] [INFO] Booting worker with pid: 5389
/home/ahmed/frappe-bench/env/lib/python3.8/os.py:1023: RuntimeWarning: line buffering (buffering=1) isn't supported in binary mode, the default buffer size will be used
  return io.open(fd, *args, **kwargs)
[2021-06-15 00:02:00 +0300] [5390] [INFO] Booting worker with pid: 5390
/home/ahmed/frappe-bench/env/lib/python3.8/os.py:1023: RuntimeWarning: line buffering (buffering=1) isn't supported in binary mode, the default buffer size will be used
  return io.open(fd, *args, **kwargs)
[2021-06-15 00:02:00 +0300] [5391] [INFO] Booting worker with pid: 5391
[2021-06-15 00:02:01 +0300] [2613] [INFO] Worker exiting (pid: 2613)
[2021-06-15 00:02:01 +0300] [5390] [INFO] Worker exiting (pid: 5390)
[2021-06-15 00:02:01 +0300] [5389] [INFO] Worker exiting (pid: 5389)
/home/ahmed/frappe-bench/env/lib/python3.8/os.py:1023: RuntimeWarning: line buffering (buffering=1) isn't supported in binary mode, the default buffer size will be used
  return io.open(fd, *args, **kwargs)
[2021-06-15 00:02:01 +0300] [5404] [INFO] Booting worker with pid: 5404
/home/ahmed/frappe-bench/env/lib/python3.8/os.py:1023: RuntimeWarning: line buffering (buffering=1) isn't supported in binary mode, the default buffer size will be used
  return io.open(fd, *args, **kwargs)
[2021-06-15 00:02:01 +0300] [5405] [INFO] Booting worker with pid: 5405
/home/ahmed/frappe-bench/env/lib/python3.8/os.py:1023: RuntimeWarning: line buffering (buffering=1) isn't supported in binary mode, the default buffer size will be used
  return io.open(fd, *args, **kwargs)
[2021-06-15 00:02:01 +0300] [5406] [INFO] Booting worker with pid: 5406
/home/ahmed/frappe-bench/env/lib/python3.8/os.py:1023: RuntimeWarning: line buffering (buffering=1) isn't supported in binary mode, the default buffer size will be used
  return io.open(fd, *args, **kwargs)
[2021-06-15 00:10:50 +0300] [2072] [INFO] Handling signal: term
[2021-06-15 00:10:50 +0300] [5391] [INFO] Worker exiting (pid: 5391)
[2021-06-15 00:10:50 +0300] [5404] [INFO] Worker exiting (pid: 5404)
[2021-06-15 00:10:50 +0300] [5405] [INFO] Worker exiting (pid: 5405)
[2021-06-15 00:10:50 +0300] [5406] [INFO] Worker exiting (pid: 5406)
[2021-06-15 00:10:50 +0300] [2072] [INFO] Shutting down: Master
[2021-06-16 22:14:02 +0300] [1568] [INFO] Starting gunicorn 19.10.0
[2021-06-16 22:14:02 +0300] [1568] [INFO] Listening at: http://127.0.0.1:8000 (1568)
[2021-06-16 22:14:02 +0300] [1568] [INFO] Using worker: sync
/home/ahmed/frappe-bench/env/lib/python3.8/os.py:1023: RuntimeWarning: line buffering (buffering=1) isn't supported in binary mode, the default buffer size will be used
  return io.open(fd, *args, **kwargs)
[2021-06-16 22:14:02 +0300] [2600] [INFO] Booting worker with pid: 2600
/home/ahmed/frappe-bench/env/lib/python3.8/os.py:1023: RuntimeWarning: line buffering (buffering=1) isn't supported in binary mode, the default buffer size will be used
  return io.open(fd, *args, **kwargs)
[2021-06-16 22:14:03 +0300] [2603] [INFO] Booting worker with pid: 2603
/home/ahmed/frappe-bench/env/lib/python3.8/os.py:1023: RuntimeWarning: line buffering (buffering=1) isn't supported in binary mode, the default buffer size will be used
  return io.open(fd, *args, **kwargs)
[2021-06-16 22:14:03 +0300] [2604] [INFO] Booting worker with pid: 2604
/home/ahmed/frappe-bench/env/lib/python3.8/os.py:1023: RuntimeWarning: line buffering (buffering=1) isn't supported in binary mode, the default buffer size will be used
  return io.open(fd, *args, **kwargs)
[2021-06-16 22:14:03 +0300] [2614] [INFO] Booting worker with pid: 2614
/home/ahmed/frappe-bench/env/lib/python3.8/os.py:1023: RuntimeWarning: line buffering (buffering=1) isn't supported in binary mode, the default buffer size will be used
  return io.open(fd, *args, **kwargs)
[2021-06-18 17:47:44 +0300] [1568] [CRITICAL] WORKER TIMEOUT (pid:2600)
[2021-06-18 17:47:44 +0300] [1568] [CRITICAL] WORKER TIMEOUT (pid:2603)
[2021-06-18 17:47:44 +0300] [1568] [CRITICAL] WORKER TIMEOUT (pid:2604)
[2021-06-18 17:47:44 +0300] [2600] [INFO] Worker exiting (pid: 2600)
[2021-06-18 17:47:44 +0300] [1568] [CRITICAL] WORKER TIMEOUT (pid:2614)
[2021-06-18 17:47:44 +0300] [2603] [INFO] Worker exiting (pid: 2603)
[2021-06-18 17:47:44 +0300] [2604] [INFO] Worker exiting (pid: 2604)
[2021-06-18 17:47:44 +0300] [2614] [INFO] Worker exiting (pid: 2614)
[2021-06-18 17:47:45 +0300] [3917] [INFO] Booting worker with pid: 3917
[2021-06-18 17:47:45 +0300] [3918] [INFO] Booting worker with pid: 3918
[2021-06-18 17:47:45 +0300] [3919] [INFO] Booting worker with pid: 3919
[2021-06-18 17:47:45 +0300] [3920] [INFO] Booting worker with pid: 3920
[2021-06-18 17:49:23 +0300] [1568] [INFO] Handling signal: term
[2021-06-18 17:49:23 +0300] [3920] [INFO] Worker exiting (pid: 3920)
[2021-06-18 17:49:23 +0300] [3917] [INFO] Worker exiting (pid: 3917)
[2021-06-18 17:49:23 +0300] [3919] [INFO] Worker exiting (pid: 3919)
[2021-06-18 17:49:23 +0300] [3918] [INFO] Worker exiting (pid: 3918)
[2021-06-18 17:49:24 +0300] [1568] [INFO] Shutting down: Master
[2021-06-20 21:17:11 +0300] [2261] [INFO] Starting gunicorn 19.10.0
[2021-06-20 21:17:11 +0300] [2261] [INFO] Listening at: http://127.0.0.1:8000 (2261)
[2021-06-20 21:17:11 +0300] [2261] [INFO] Using worker: sync
/home/ahmed/frappe-bench/env/lib/python3.8/os.py:1023: RuntimeWarning: line buffering (buffering=1) isn't supported in binary mode, the default buffer size will be used
  return io.open(fd, *args, **kwargs)
[2021-06-20 21:17:11 +0300] [2598] [INFO] Booting worker with pid: 2598
/home/ahmed/frappe-bench/env/lib/python3.8/os.py:1023: RuntimeWarning: line buffering (buffering=1) isn't supported in binary mode, the default buffer size will be used
  return io.open(fd, *args, **kwargs)
[2021-06-20 21:17:11 +0300] [2599] [INFO] Booting worker with pid: 2599
/home/ahmed/frappe-bench/env/lib/python3.8/os.py:1023: RuntimeWarning: line buffering (buffering=1) isn't supported in binary mode, the default buffer size will be used
  return io.open(fd, *args, **kwargs)
[2021-06-20 21:17:11 +0300] [2600] [INFO] Booting worker with pid: 2600
/home/ahmed/frappe-bench/env/lib/python3.8/os.py:1023: RuntimeWarning: line buffering (buffering=1) isn't supported in binary mode, the default buffer size will be used
  return io.open(fd, *args, **kwargs)
[2021-06-20 21:17:11 +0300] [2601] [INFO] Booting worker with pid: 2601
/home/ahmed/frappe-bench/env/lib/python3.8/os.py:1023: RuntimeWarning: line buffering (buffering=1) isn't supported in binary mode, the default buffer size will be used
  return io.open(fd, *args, **kwargs)
[2021-06-20 21:20:10 +0300] [2261] [INFO] Handling signal: term
[2021-06-20 21:20:10 +0300] [2599] [INFO] Worker exiting (pid: 2599)
[2021-06-20 21:20:10 +0300] [2598] [INFO] Worker exiting (pid: 2598)
[2021-06-20 21:20:10 +0300] [2600] [INFO] Worker exiting (pid: 2600)
[2021-06-20 21:20:10 +0300] [2601] [INFO] Worker exiting (pid: 2601)
[2021-06-20 21:20:10 +0300] [2261] [INFO] Shutting down: Master
[2021-06-23 16:41:50 +0300] [2204] [INFO] Starting gunicorn 19.10.0
[2021-06-23 16:41:50 +0300] [2204] [INFO] Listening at: http://127.0.0.1:8000 (2204)
[2021-06-23 16:41:50 +0300] [2204] [INFO] Using worker: sync
/home/ahmed/frappe-bench/env/lib/python3.8/os.py:1023: RuntimeWarning: line buffering (buffering=1) isn't supported in binary mode, the default buffer size will be used
  return io.open(fd, *args, **kwargs)
[2021-06-23 16:41:50 +0300] [2646] [INFO] Booting worker with pid: 2646
/home/ahmed/frappe-bench/env/lib/python3.8/os.py:1023: RuntimeWarning: line buffering (buffering=1) isn't supported in binary mode, the default buffer size will be used
  return io.open(fd, *args, **kwargs)
[2021-06-23 16:41:50 +0300] [2647] [INFO] Booting worker with pid: 2647
/home/ahmed/frappe-bench/env/lib/python3.8/os.py:1023: RuntimeWarning: line buffering (buffering=1) isn't supported in binary mode, the default buffer size will be used
  return io.open(fd, *args, **kwargs)
[2021-06-23 16:41:50 +0300] [2648] [INFO] Booting worker with pid: 2648
/home/ahmed/frappe-bench/env/lib/python3.8/os.py:1023: RuntimeWarning: line buffering (buffering=1) isn't supported in binary mode, the default buffer size will be used
  return io.open(fd, *args, **kwargs)
[2021-06-23 16:41:50 +0300] [2649] [INFO] Booting worker with pid: 2649
/home/ahmed/frappe-bench/env/lib/python3.8/os.py:1023: RuntimeWarning: line buffering (buffering=1) isn't supported in binary mode, the default buffer size will be used
  return io.open(fd, *args, **kwargs)
[2021-06-23 19:06:10 +0300] [2204] [CRITICAL] WORKER TIMEOUT (pid:2646)
[2021-06-23 19:06:10 +0300] [2204] [CRITICAL] WORKER TIMEOUT (pid:2647)
[2021-06-23 19:06:10 +0300] [2204] [CRITICAL] WORKER TIMEOUT (pid:2648)
[2021-06-23 19:06:10 +0300] [2646] [INFO] Worker exiting (pid: 2646)
[2021-06-23 19:06:10 +0300] [2204] [CRITICAL] WORKER TIMEOUT (pid:2649)
[2021-06-23 19:06:10 +0300] [2647] [INFO] Worker exiting (pid: 2647)
[2021-06-23 19:06:10 +0300] [2648] [INFO] Worker exiting (pid: 2648)
[2021-06-23 19:06:10 +0300] [2649] [INFO] Worker exiting (pid: 2649)
[2021-06-23 19:06:10 +0300] [3861] [INFO] Booting worker with pid: 3861
[2021-06-23 19:06:10 +0300] [3862] [INFO] Booting worker with pid: 3862
[2021-06-23 19:06:10 +0300] [3863] [INFO] Booting worker with pid: 3863
[2021-06-23 19:06:10 +0300] [3864] [INFO] Booting worker with pid: 3864
[2021-06-23 19:06:39 +0300] [3863] [INFO] Worker exiting (pid: 3863)
[2021-06-23 19:06:39 +0300] [3864] [INFO] Worker exiting (pid: 3864)
[2021-06-23 19:06:39 +0300] [3861] [INFO] Worker exiting (pid: 3861)
[2021-06-23 19:06:39 +0300] [4847] [INFO] Booting worker with pid: 4847
[2021-06-23 19:06:39 +0300] [4848] [INFO] Booting worker with pid: 4848
[2021-06-23 19:06:39 +0300] [4849] [INFO] Booting worker with pid: 4849
[2021-06-23 19:06:39 +0300] [4848] [INFO] Worker exiting (pid: 4848)
[2021-06-23 19:06:39 +0300] [4847] [INFO] Worker exiting (pid: 4847)
[2021-06-23 19:06:39 +0300] [3862] [INFO] Worker exiting (pid: 3862)
[2021-06-23 19:06:39 +0300] [4849] [INFO] Worker exiting (pid: 4849)
[2021-06-23 19:06:40 +0300] [4863] [INFO] Booting worker with pid: 4863
[2021-06-23 19:06:40 +0300] [4863] [INFO] Worker exiting (pid: 4863)
[2021-06-23 19:06:40 +0300] [4864] [INFO] Booting worker with pid: 4864
[2021-06-23 19:06:40 +0300] [4864] [INFO] Worker exiting (pid: 4864)
[2021-06-23 19:06:40 +0300] [4865] [INFO] Booting worker with pid: 4865
[2021-06-23 19:06:40 +0300] [4865] [INFO] Worker exiting (pid: 4865)
[2021-06-23 19:06:40 +0300] [4866] [INFO] Booting worker with pid: 4866
[2021-06-23 19:06:40 +0300] [4866] [INFO] Worker exiting (pid: 4866)
[2021-06-23 19:06:40 +0300] [4867] [INFO] Booting worker with pid: 4867
[2021-06-23 19:06:40 +0300] [4867] [INFO] Worker exiting (pid: 4867)
[2021-06-23 19:06:40 +0300] [4868] [INFO] Booting worker with pid: 4868
[2021-06-23 19:06:40 +0300] [4868] [INFO] Worker exiting (pid: 4868)
[2021-06-23 19:06:40 +0300] [4869] [INFO] Booting worker with pid: 4869
[2021-06-23 19:06:40 +0300] [4869] [INFO] Worker exiting (pid: 4869)
[2021-06-23 19:06:40 +0300] [4882] [INFO] Booting worker with pid: 4882
[2021-06-23 19:06:40 +0300] [4882] [INFO] Worker exiting (pid: 4882)
[2021-06-23 19:06:40 +0300] [4883] [INFO] Booting worker with pid: 4883
[2021-06-23 19:06:40 +0300] [4883] [INFO] Worker exiting (pid: 4883)
[2021-06-23 19:06:40 +0300] [4884] [INFO] Booting worker with pid: 4884
[2021-06-23 19:06:40 +0300] [4884] [INFO] Worker exiting (pid: 4884)
[2021-06-23 19:06:40 +0300] [4886] [INFO] Booting worker with pid: 4886
[2021-06-23 19:06:41 +0300] [4886] [INFO] Worker exiting (pid: 4886)
[2021-06-23 19:06:41 +0300] [4901] [INFO] Booting worker with pid: 4901
[2021-06-23 19:06:41 +0300] [4912] [INFO] Booting worker with pid: 4912
[2021-06-23 19:06:41 +0300] [4901] [INFO] Worker exiting (pid: 4901)
[2021-06-23 19:06:41 +0300] [4912] [INFO] Worker exiting (pid: 4912)
[2021-06-23 19:06:41 +0300] [4913] [INFO] Booting worker with pid: 4913
[2021-06-23 19:06:41 +0300] [4913] [INFO] Worker exiting (pid: 4913)
[2021-06-23 19:06:41 +0300] [4914] [INFO] Booting worker with pid: 4914
[2021-06-23 19:06:41 +0300] [4919] [INFO] Booting worker with pid: 4919
[2021-06-23 19:06:41 +0300] [4921] [INFO] Booting worker with pid: 4921
[2021-06-23 19:06:41 +0300] [4922] [INFO] Booting worker with pid: 4922
[2021-06-23 19:06:41 +0300] [4922] [INFO] Worker exiting (pid: 4922)
[2021-06-23 19:06:41 +0300] [4919] [INFO] Worker exiting (pid: 4919)
[2021-06-23 19:06:41 +0300] [4914] [INFO] Worker exiting (pid: 4914)
[2021-06-23 19:06:41 +0300] [4921] [INFO] Worker exiting (pid: 4921)
[2021-06-23 19:06:42 +0300] [4926] [INFO] Booting worker with pid: 4926
[2021-06-23 19:06:42 +0300] [4926] [INFO] Worker exiting (pid: 4926)
[2021-06-23 19:06:42 +0300] [4930] [INFO] Booting worker with pid: 4930
[2021-06-23 19:06:42 +0300] [4930] [INFO] Worker exiting (pid: 4930)
[2021-06-23 19:06:42 +0300] [4931] [INFO] Booting worker with pid: 4931
[2021-06-23 19:06:42 +0300] [4931] [INFO] Worker exiting (pid: 4931)
[2021-06-23 19:06:42 +0300] [4932] [INFO] Booting worker with pid: 4932
[2021-06-23 19:06:42 +0300] [4932] [INFO] Worker exiting (pid: 4932)
[2021-06-23 19:06:42 +0300] [4935] [INFO] Booting worker with pid: 4935
[2021-06-23 19:06:42 +0300] [4935] [INFO] Worker exiting (pid: 4935)
[2021-06-23 19:06:42 +0300] [4936] [INFO] Booting worker with pid: 4936
[2021-06-23 19:06:42 +0300] [4936] [INFO] Worker exiting (pid: 4936)
[2021-06-23 19:06:42 +0300] [4937] [INFO] Booting worker with pid: 4937
[2021-06-23 19:06:42 +0300] [4937] [INFO] Worker exiting (pid: 4937)
[2021-06-23 19:06:43 +0300] [4973] [INFO] Booting worker with pid: 4973
[2021-06-23 19:06:43 +0300] [4973] [INFO] Worker exiting (pid: 4973)
[2021-06-23 19:06:43 +0300] [4974] [INFO] Booting worker with pid: 4974
[2021-06-23 19:06:43 +0300] [4974] [INFO] Worker exiting (pid: 4974)
[2021-06-23 19:06:43 +0300] [4977] [INFO] Booting worker with pid: 4977
[2021-06-23 19:06:43 +0300] [4977] [INFO] Worker exiting (pid: 4977)
[2021-06-23 19:06:43 +0300] [4978] [INFO] Booting worker with pid: 4978
[2021-06-23 19:06:43 +0300] [4978] [INFO] Worker exiting (pid: 4978)
[2021-06-23 19:06:43 +0300] [4979] [INFO] Booting worker with pid: 4979
[2021-06-23 19:06:43 +0300] [4979] [INFO] Worker exiting (pid: 4979)
[2021-06-23 19:06:43 +0300] [4981] [INFO] Booting worker with pid: 4981
[2021-06-23 19:06:43 +0300] [4981] [INFO] Worker exiting (pid: 4981)
[2021-06-23 19:06:43 +0300] [4984] [INFO] Booting worker with pid: 4984
[2021-06-23 19:06:43 +0300] [4984] [INFO] Worker exiting (pid: 4984)
[2021-06-23 19:06:44 +0300] [4987] [INFO] Booting worker with pid: 4987
[2021-06-23 19:06:44 +0300] [4987] [INFO] Worker exiting (pid: 4987)
[2021-06-23 19:06:44 +0300] [4993] [INFO] Booting worker with pid: 4993
[2021-06-23 19:06:44 +0300] [4993] [INFO] Worker exiting (pid: 4993)
[2021-06-23 19:06:44 +0300] [5009] [INFO] Booting worker with pid: 5009
[2021-06-23 19:06:44 +0300] [5009] [INFO] Worker exiting (pid: 5009)
[2021-06-23 19:06:44 +0300] [5010] [INFO] Booting worker with pid: 5010
[2021-06-23 19:06:44 +0300] [5010] [INFO] Worker exiting (pid: 5010)
[2021-06-23 19:06:44 +0300] [5011] [INFO] Booting worker with pid: 5011
[2021-06-23 19:06:44 +0300] [5011] [INFO] Worker exiting (pid: 5011)
[2021-06-23 19:06:44 +0300] [5013] [INFO] Booting worker with pid: 5013
[2021-06-23 19:06:44 +0300] [5013] [INFO] Worker exiting (pid: 5013)
[2021-06-23 19:06:44 +0300] [5015] [INFO] Booting worker with pid: 5015
[2021-06-23 19:06:44 +0300] [5015] [INFO] Worker exiting (pid: 5015)
[2021-06-23 19:06:44 +0300] [5017] [INFO] Booting worker with pid: 5017
[2021-06-23 19:06:45 +0300] [5017] [INFO] Worker exiting (pid: 5017)
[2021-06-23 19:06:45 +0300] [5018] [INFO] Booting worker with pid: 5018
[2021-06-23 19:06:45 +0300] [5018] [INFO] Worker exiting (pid: 5018)
[2021-06-23 19:06:45 +0300] [5019] [INFO] Booting worker with pid: 5019
[2021-06-23 19:06:45 +0300] [5019] [INFO] Worker exiting (pid: 5019)
[2021-06-23 19:06:45 +0300] [5020] [INFO] Booting worker with pid: 5020
[2021-06-23 19:06:45 +0300] [5021] [INFO] Booting worker with pid: 5021
[2021-06-23 19:06:45 +0300] [5022] [INFO] Booting worker with pid: 5022
[2021-06-23 19:06:45 +0300] [5023] [INFO] Booting worker with pid: 5023
[2021-06-23 19:06:46 +0300] [5020] [INFO] Worker exiting (pid: 5020)
[2021-06-23 19:06:46 +0300] [5022] [INFO] Worker exiting (pid: 5022)
[2021-06-23 19:06:46 +0300] [5021] [INFO] Worker exiting (pid: 5021)
[2021-06-23 19:06:46 +0300] [5037] [INFO] Booting worker with pid: 5037
[2021-06-23 19:06:46 +0300] [5038] [INFO] Booting worker with pid: 5038
[2021-06-23 19:06:46 +0300] [5039] [INFO] Booting worker with pid: 5039
[2021-06-23 19:06:48 +0300] [5023] [INFO] Worker exiting (pid: 5023)
[2021-06-23 19:06:48 +0300] [5037] [INFO] Worker exiting (pid: 5037)
[2021-06-23 19:06:48 +0300] [5039] [INFO] Worker exiting (pid: 5039)
[2021-06-23 19:06:48 +0300] [5038] [INFO] Worker exiting (pid: 5038)
[2021-06-23 19:06:48 +0300] [5073] [INFO] Booting worker with pid: 5073
[2021-06-23 19:06:48 +0300] [5073] [INFO] Worker exiting (pid: 5073)
[2021-06-23 19:06:48 +0300] [5074] [INFO] Booting worker with pid: 5074
[2021-06-23 19:06:48 +0300] [5074] [INFO] Worker exiting (pid: 5074)
[2021-06-23 19:06:48 +0300] [5076] [INFO] Booting worker with pid: 5076
[2021-06-23 19:06:48 +0300] [5076] [INFO] Worker exiting (pid: 5076)
[2021-06-23 19:06:48 +0300] [5077] [INFO] Booting worker with pid: 5077
[2021-06-23 19:06:48 +0300] [5077] [INFO] Worker exiting (pid: 5077)
[2021-06-23 19:06:48 +0300] [5078] [INFO] Booting worker with pid: 5078
[2021-06-23 19:06:48 +0300] [5078] [INFO] Worker exiting (pid: 5078)
[2021-06-23 19:06:48 +0300] [5079] [INFO] Booting worker with pid: 5079
[2021-06-23 19:06:48 +0300] [5079] [INFO] Worker exiting (pid: 5079)
[2021-06-23 19:06:48 +0300] [5080] [INFO] Booting worker with pid: 5080
[2021-06-23 19:06:48 +0300] [5080] [INFO] Worker exiting (pid: 5080)
[2021-06-23 19:06:49 +0300] [5081] [INFO] Booting worker with pid: 5081
[2021-06-23 19:06:49 +0300] [5081] [INFO] Worker exiting (pid: 5081)
[2021-06-23 19:06:49 +0300] [5082] [INFO] Booting worker with pid: 5082
[2021-06-23 19:06:49 +0300] [5082] [INFO] Worker exiting (pid: 5082)
[2021-06-23 19:06:49 +0300] [5083] [INFO] Booting worker with pid: 5083
[2021-06-23 19:06:49 +0300] [5083] [INFO] Worker exiting (pid: 5083)
[2021-06-23 19:06:49 +0300] [5085] [INFO] Booting worker with pid: 5085
[2021-06-23 19:06:49 +0300] [5085] [INFO] Worker exiting (pid: 5085)
[2021-06-23 19:06:49 +0300] [5087] [INFO] Booting worker with pid: 5087
[2021-06-23 19:06:49 +0300] [5087] [INFO] Worker exiting (pid: 5087)
[2021-06-23 19:06:49 +0300] [5088] [INFO] Booting worker with pid: 5088
[2021-06-23 19:06:49 +0300] [5088] [INFO] Worker exiting (pid: 5088)
[2021-06-23 19:06:49 +0300] [5090] [INFO] Booting worker with pid: 5090
[2021-06-23 19:06:49 +0300] [5090] [INFO] Worker exiting (pid: 5090)
[2021-06-23 19:06:49 +0300] [5091] [INFO] Booting worker with pid: 5091
[2021-06-23 19:06:49 +0300] [5091] [INFO] Worker exiting (pid: 5091)
[2021-06-23 19:06:49 +0300] [5092] [INFO] Booting worker with pid: 5092
[2021-06-23 19:06:49 +0300] [5093] [INFO] Booting worker with pid: 5093
[2021-06-23 19:06:49 +0300] [5094] [INFO] Booting worker with pid: 5094
[2021-06-23 19:06:49 +0300] [5095] [INFO] Booting worker with pid: 5095
[2021-06-23 19:06:51 +0300] [5093] [INFO] Worker exiting (pid: 5093)
[2021-06-23 19:06:51 +0300] [5092] [INFO] Worker exiting (pid: 5092)
[2021-06-23 19:06:51 +0300] [5095] [INFO] Worker exiting (pid: 5095)
[2021-06-23 19:06:51 +0300] [5094] [INFO] Worker exiting (pid: 5094)
[2021-06-23 19:06:51 +0300] [5111] [INFO] Booting worker with pid: 5111
[2021-06-23 19:06:51 +0300] [5111] [INFO] Worker exiting (pid: 5111)
[2021-06-23 19:06:51 +0300] [5112] [INFO] Booting worker with pid: 5112
[2021-06-23 19:06:51 +0300] [5112] [INFO] Worker exiting (pid: 5112)
[2021-06-23 19:06:51 +0300] [5113] [INFO] Booting worker with pid: 5113
[2021-06-23 19:06:51 +0300] [5113] [INFO] Worker exiting (pid: 5113)
[2021-06-23 19:06:51 +0300] [5114] [INFO] Booting worker with pid: 5114
[2021-06-23 19:06:51 +0300] [5114] [INFO] Worker exiting (pid: 5114)
[2021-06-23 19:06:51 +0300] [5115] [INFO] Booting worker with pid: 5115
[2021-06-23 19:06:51 +0300] [5115] [INFO] Worker exiting (pid: 5115)
[2021-06-23 19:06:51 +0300] [5116] [INFO] Booting worker with pid: 5116
[2021-06-23 19:06:51 +0300] [5116] [INFO] Worker exiting (pid: 5116)
[2021-06-23 19:06:51 +0300] [5117] [INFO] Booting worker with pid: 5117
[2021-06-23 19:06:51 +0300] [5117] [INFO] Worker exiting (pid: 5117)
[2021-06-23 19:06:51 +0300] [5118] [INFO] Booting worker with pid: 5118
[2021-06-23 19:06:51 +0300] [5118] [INFO] Worker exiting (pid: 5118)
[2021-06-23 19:06:51 +0300] [5119] [INFO] Booting worker with pid: 5119
[2021-06-23 19:06:51 +0300] [5119] [INFO] Worker exiting (pid: 5119)
[2021-06-23 19:06:52 +0300] [5120] [INFO] Booting worker with pid: 5120
[2021-06-23 19:06:52 +0300] [5120] [INFO] Worker exiting (pid: 5120)
[2021-06-23 19:06:52 +0300] [5121] [INFO] Booting worker with pid: 5121
[2021-06-23 19:06:52 +0300] [5121] [INFO] Worker exiting (pid: 5121)
[2021-06-23 19:06:52 +0300] [5122] [INFO] Booting worker with pid: 5122
[2021-06-23 19:06:52 +0300] [5122] [INFO] Worker exiting (pid: 5122)
[2021-06-23 19:06:52 +0300] [5123] [INFO] Booting worker with pid: 5123
[2021-06-23 19:06:52 +0300] [5123] [INFO] Worker exiting (pid: 5123)
[2021-06-23 19:06:52 +0300] [5125] [INFO] Booting worker with pid: 5125
[2021-06-23 19:06:52 +0300] [5125] [INFO] Worker exiting (pid: 5125)
[2021-06-23 19:06:52 +0300] [5128] [INFO] Booting worker with pid: 5128
[2021-06-23 19:06:52 +0300] [5128] [INFO] Worker exiting (pid: 5128)
[2021-06-23 19:06:52 +0300] [5131] [INFO] Booting worker with pid: 5131
[2021-06-23 19:06:52 +0300] [5132] [INFO] Booting worker with pid: 5132
[2021-06-23 19:06:52 +0300] [5133] [INFO] Booting worker with pid: 5133
[2021-06-23 19:06:52 +0300] [5134] [INFO] Booting worker with pid: 5134
[2021-06-23 19:07:07 +0300] [2204] [INFO] Handling signal: term
[2021-06-23 19:07:07 +0300] [5131] [INFO] Worker exiting (pid: 5131)
[2021-06-23 19:07:07 +0300] [5134] [INFO] Worker exiting (pid: 5134)
[2021-06-23 19:07:07 +0300] [5132] [INFO] Worker exiting (pid: 5132)
[2021-06-23 19:07:07 +0300] [5133] [INFO] Worker exiting (pid: 5133)
[2021-06-23 19:07:08 +0300] [2204] [INFO] Shutting down: Master
[2021-07-04 00:34:20 +0300] [2228] [INFO] Starting gunicorn 19.10.0
[2021-07-04 00:34:20 +0300] [2228] [INFO] Listening at: http://127.0.0.1:8000 (2228)
[2021-07-04 00:34:20 +0300] [2228] [INFO] Using worker: sync
/home/ahmed/frappe-bench/env/lib/python3.8/os.py:1023: RuntimeWarning: line buffering (buffering=1) isn't supported in binary mode, the default buffer size will be used
  return io.open(fd, *args, **kwargs)
[2021-07-04 00:34:20 +0300] [2864] [INFO] Booting worker with pid: 2864
/home/ahmed/frappe-bench/env/lib/python3.8/os.py:1023: RuntimeWarning: line buffering (buffering=1) isn't supported in binary mode, the default buffer size will be used
  return io.open(fd, *args, **kwargs)
[2021-07-04 00:34:20 +0300] [2866] [INFO] Booting worker with pid: 2866
/home/ahmed/frappe-bench/env/lib/python3.8/os.py:1023: RuntimeWarning: line buffering (buffering=1) isn't supported in binary mode, the default buffer size will be used
  return io.open(fd, *args, **kwargs)
[2021-07-04 00:34:20 +0300] [2867] [INFO] Booting worker with pid: 2867
/home/ahmed/frappe-bench/env/lib/python3.8/os.py:1023: RuntimeWarning: line buffering (buffering=1) isn't supported in binary mode, the default buffer size will be used
  return io.open(fd, *args, **kwargs)
[2021-07-04 00:34:20 +0300] [2874] [INFO] Booting worker with pid: 2874
/home/ahmed/frappe-bench/env/lib/python3.8/os.py:1023: RuntimeWarning: line buffering (buffering=1) isn't supported in binary mode, the default buffer size will be used
  return io.open(fd, *args, **kwargs)
[2021-07-04 00:51:10 +0300] [2228] [INFO] Handling signal: term
[2021-07-04 00:51:10 +0300] [2867] [INFO] Worker exiting (pid: 2867)
[2021-07-04 00:51:10 +0300] [2866] [INFO] Worker exiting (pid: 2866)
[2021-07-04 00:51:10 +0300] [2864] [INFO] Worker exiting (pid: 2864)
[2021-07-04 00:51:10 +0300] [2874] [INFO] Worker exiting (pid: 2874)
[2021-07-04 00:51:10 +0300] [2228] [INFO] Shutting down: Master
[2021-07-05 11:06:46 +0300] [2498] [INFO] Starting gunicorn 19.10.0
[2021-07-05 11:06:46 +0300] [2498] [INFO] Listening at: http://127.0.0.1:8000 (2498)
[2021-07-05 11:06:46 +0300] [2498] [INFO] Using worker: sync
/home/ahmed/frappe-bench/env/lib/python3.8/os.py:1023: RuntimeWarning: line buffering (buffering=1) isn't supported in binary mode, the default buffer size will be used
  return io.open(fd, *args, **kwargs)
[2021-07-05 11:06:46 +0300] [2642] [INFO] Booting worker with pid: 2642
/home/ahmed/frappe-bench/env/lib/python3.8/os.py:1023: RuntimeWarning: line buffering (buffering=1) isn't supported in binary mode, the default buffer size will be used
  return io.open(fd, *args, **kwargs)
[2021-07-05 11:06:46 +0300] [2643] [INFO] Booting worker with pid: 2643
/home/ahmed/frappe-bench/env/lib/python3.8/os.py:1023: RuntimeWarning: line buffering (buffering=1) isn't supported in binary mode, the default buffer size will be used
  return io.open(fd, *args, **kwargs)
[2021-07-05 11:06:46 +0300] [2644] [INFO] Booting worker with pid: 2644
/home/ahmed/frappe-bench/env/lib/python3.8/os.py:1023: RuntimeWarning: line buffering (buffering=1) isn't supported in binary mode, the default buffer size will be used
  return io.open(fd, *args, **kwargs)
[2021-07-05 11:06:46 +0300] [2645] [INFO] Booting worker with pid: 2645
/home/ahmed/frappe-bench/env/lib/python3.8/os.py:1023: RuntimeWarning: line buffering (buffering=1) isn't supported in binary mode, the default buffer size will be used
  return io.open(fd, *args, **kwargs)
[2021-07-05 11:09:47 +0300] [2498] [INFO] Handling signal: term
[2021-07-05 11:09:47 +0300] [2645] [INFO] Worker exiting (pid: 2645)
[2021-07-05 11:09:47 +0300] [2644] [INFO] Worker exiting (pid: 2644)
[2021-07-05 11:09:47 +0300] [2642] [INFO] Worker exiting (pid: 2642)
[2021-07-05 11:09:47 +0300] [2643] [INFO] Worker exiting (pid: 2643)
[2021-07-05 11:09:47 +0300] [2498] [INFO] Shutting down: Master
[2021-07-08 20:04:42 +0300] [2069] [INFO] Starting gunicorn 19.10.0
[2021-07-08 20:04:42 +0300] [2069] [INFO] Listening at: http://127.0.0.1:8000 (2069)
[2021-07-08 20:04:42 +0300] [2069] [INFO] Using worker: sync
/home/ahmed/frappe-bench/env/lib/python3.8/os.py:1023: RuntimeWarning: line buffering (buffering=1) isn't supported in binary mode, the default buffer size will be used
  return io.open(fd, *args, **kwargs)
[2021-07-08 20:04:43 +0300] [2694] [INFO] Booting worker with pid: 2694
/home/ahmed/frappe-bench/env/lib/python3.8/os.py:1023: RuntimeWarning: line buffering (buffering=1) isn't supported in binary mode, the default buffer size will be used
  return io.open(fd, *args, **kwargs)
[2021-07-08 20:04:43 +0300] [2695] [INFO] Booting worker with pid: 2695
/home/ahmed/frappe-bench/env/lib/python3.8/os.py:1023: RuntimeWarning: line buffering (buffering=1) isn't supported in binary mode, the default buffer size will be used
  return io.open(fd, *args, **kwargs)
[2021-07-08 20:04:43 +0300] [2696] [INFO] Booting worker with pid: 2696
/home/ahmed/frappe-bench/env/lib/python3.8/os.py:1023: RuntimeWarning: line buffering (buffering=1) isn't supported in binary mode, the default buffer size will be used
  return io.open(fd, *args, **kwargs)
[2021-07-08 20:04:43 +0300] [2697] [INFO] Booting worker with pid: 2697
/home/ahmed/frappe-bench/env/lib/python3.8/os.py:1023: RuntimeWarning: line buffering (buffering=1) isn't supported in binary mode, the default buffer size will be used
  return io.open(fd, *args, **kwargs)
[2021-07-08 20:19:54 +0300] [2069] [INFO] Handling signal: term
[2021-07-08 20:19:54 +0300] [2694] [INFO] Worker exiting (pid: 2694)
[2021-07-08 20:19:54 +0300] [2697] [INFO] Worker exiting (pid: 2697)
[2021-07-08 20:19:54 +0300] [2696] [INFO] Worker exiting (pid: 2696)
[2021-07-08 20:19:54 +0300] [2695] [INFO] Worker exiting (pid: 2695)
[2021-07-08 20:19:54 +0300] [2069] [INFO] Shutting down: Master
[2021-07-28 14:33:32 +0300] [2224] [INFO] Starting gunicorn 19.10.0
[2021-07-28 14:33:32 +0300] [2224] [INFO] Listening at: http://127.0.0.1:8000 (2224)
[2021-07-28 14:33:32 +0300] [2224] [INFO] Using worker: sync
/home/ahmed/frappe-bench/env/lib/python3.8/os.py:1023: RuntimeWarning: line buffering (buffering=1) isn't supported in binary mode, the default buffer size will be used
  return io.open(fd, *args, **kwargs)
[2021-07-28 14:33:32 +0300] [2690] [INFO] Booting worker with pid: 2690
/home/ahmed/frappe-bench/env/lib/python3.8/os.py:1023: RuntimeWarning: line buffering (buffering=1) isn't supported in binary mode, the default buffer size will be used
  return io.open(fd, *args, **kwargs)
[2021-07-28 14:33:32 +0300] [2691] [INFO] Booting worker with pid: 2691
/home/ahmed/frappe-bench/env/lib/python3.8/os.py:1023: RuntimeWarning: line buffering (buffering=1) isn't supported in binary mode, the default buffer size will be used
  return io.open(fd, *args, **kwargs)
[2021-07-28 14:33:32 +0300] [2692] [INFO] Booting worker with pid: 2692
/home/ahmed/frappe-bench/env/lib/python3.8/os.py:1023: RuntimeWarning: line buffering (buffering=1) isn't supported in binary mode, the default buffer size will be used
  return io.open(fd, *args, **kwargs)
[2021-07-28 14:33:32 +0300] [2693] [INFO] Booting worker with pid: 2693
/home/ahmed/frappe-bench/env/lib/python3.8/os.py:1023: RuntimeWarning: line buffering (buffering=1) isn't supported in binary mode, the default buffer size will be used
  return io.open(fd, *args, **kwargs)
[2021-07-31 14:31:31 +0300] [2224] [CRITICAL] WORKER TIMEOUT (pid:2690)
[2021-07-31 14:31:31 +0300] [2224] [CRITICAL] WORKER TIMEOUT (pid:2691)
[2021-07-31 14:31:31 +0300] [2224] [CRITICAL] WORKER TIMEOUT (pid:2692)
[2021-07-31 14:31:31 +0300] [2690] [INFO] Worker exiting (pid: 2690)
[2021-07-31 14:31:31 +0300] [2224] [CRITICAL] WORKER TIMEOUT (pid:2693)
[2021-07-31 14:31:31 +0300] [2691] [INFO] Worker exiting (pid: 2691)
[2021-07-31 14:31:31 +0300] [2693] [INFO] Worker exiting (pid: 2693)
[2021-07-31 14:31:31 +0300] [2692] [INFO] Worker exiting (pid: 2692)
[2021-07-31 14:31:31 +0300] [3146] [INFO] Booting worker with pid: 3146
[2021-07-31 14:31:31 +0300] [3147] [INFO] Booting worker with pid: 3147
[2021-07-31 14:31:31 +0300] [3148] [INFO] Booting worker with pid: 3148
[2021-07-31 14:31:31 +0300] [3149] [INFO] Booting worker with pid: 3149
[2021-07-31 14:32:04 +0300] [2224] [INFO] Handling signal: term
[2021-07-31 14:32:04 +0300] [3146] [INFO] Worker exiting (pid: 3146)
[2021-07-31 14:32:04 +0300] [3149] [INFO] Worker exiting (pid: 3149)
[2021-07-31 14:32:04 +0300] [3147] [INFO] Worker exiting (pid: 3147)
[2021-07-31 14:32:04 +0300] [3148] [INFO] Worker exiting (pid: 3148)
[2021-07-31 14:32:04 +0300] [2224] [INFO] Shutting down: Master
[2021-08-03 19:01:34 +0300] [1624] [INFO] Starting gunicorn 19.10.0
[2021-08-03 19:01:34 +0300] [1624] [INFO] Listening at: http://127.0.0.1:8000 (1624)
[2021-08-03 19:01:34 +0300] [1624] [INFO] Using worker: sync
/home/ahmed/frappe-bench/env/lib/python3.8/os.py:1023: RuntimeWarning: line buffering (buffering=1) isn't supported in binary mode, the default buffer size will be used
  return io.open(fd, *args, **kwargs)
[2021-08-03 19:01:35 +0300] [2627] [INFO] Booting worker with pid: 2627
/home/ahmed/frappe-bench/env/lib/python3.8/os.py:1023: RuntimeWarning: line buffering (buffering=1) isn't supported in binary mode, the default buffer size will be used
  return io.open(fd, *args, **kwargs)
[2021-08-03 19:01:35 +0300] [2628] [INFO] Booting worker with pid: 2628
/home/ahmed/frappe-bench/env/lib/python3.8/os.py:1023: RuntimeWarning: line buffering (buffering=1) isn't supported in binary mode, the default buffer size will be used
  return io.open(fd, *args, **kwargs)
[2021-08-03 19:01:35 +0300] [2629] [INFO] Booting worker with pid: 2629
/home/ahmed/frappe-bench/env/lib/python3.8/os.py:1023: RuntimeWarning: line buffering (buffering=1) isn't supported in binary mode, the default buffer size will be used
  return io.open(fd, *args, **kwargs)
[2021-08-03 19:01:35 +0300] [2630] [INFO] Booting worker with pid: 2630
/home/ahmed/frappe-bench/env/lib/python3.8/os.py:1023: RuntimeWarning: line buffering (buffering=1) isn't supported in binary mode, the default buffer size will be used
  return io.open(fd, *args, **kwargs)
[2021-08-03 16:08:55 +0300] [1624] [INFO] Handling signal: term
[2021-08-03 16:08:55 +0300] [2628] [INFO] Worker exiting (pid: 2628)
[2021-08-03 16:08:55 +0300] [2627] [INFO] Worker exiting (pid: 2627)
[2021-08-03 16:08:55 +0300] [2629] [INFO] Worker exiting (pid: 2629)
[2021-08-03 16:08:55 +0300] [2630] [INFO] Worker exiting (pid: 2630)
[2021-08-03 16:08:56 +0300] [1624] [INFO] Shutting down: Master
